{"/Users/paul/Documents/GitHub/MoPsJapan/src/app/AppBootstrap.ts": {"path":"/Users/paul/Documents/GitHub/MoPsJapan/src/app/AppBootstrap.ts","statementMap":{"0":{"start":{"line":1,"column":0},"end":{"line":1,"column":25}},"1":{"start":{"line":2,"column":0},"end":{"line":2,"column":29}},"2":{"start":{"line":37,"column":24},"end":{"line":37,"column":60}},"3":{"start":{"line":38,"column":25},"end":{"line":38,"column":66}},"4":{"start":{"line":40,"column":4},"end":{"line":48,"column":5}},"5":{"start":{"line":41,"column":6},"end":{"line":47,"column":8}},"6":{"start":{"line":50,"column":4},"end":{"line":55,"column":6}},"7":{"start":{"line":59,"column":4},"end":{"line":66,"column":6}},"8":{"start":{"line":70,"column":4},"end":{"line":74,"column":6}},"9":{"start":{"line":78,"column":4},"end":{"line":99,"column":6}},"10":{"start":{"line":35,"column":0},"end":{"line":35,"column":13}}},"fnMap":{"0":{"name":"(anonymous_9)","decl":{"start":{"line":36,"column":2},"end":{"line":36,"column":23}},"loc":{"start":{"line":36,"column":23},"end":{"line":56,"column":3}}},"1":{"name":"(anonymous_10)","decl":{"start":{"line":58,"column":2},"end":{"line":58,"column":25}},"loc":{"start":{"line":58,"column":25},"end":{"line":67,"column":3}}},"2":{"name":"(anonymous_11)","decl":{"start":{"line":69,"column":2},"end":{"line":69,"column":20}},"loc":{"start":{"line":69,"column":20},"end":{"line":75,"column":3}}},"3":{"name":"(anonymous_12)","decl":{"start":{"line":77,"column":2},"end":{"line":77,"column":18}},"loc":{"start":{"line":77,"column":18},"end":{"line":100,"column":3}}}},"branchMap":{"0":{"loc":{"start":{"line":40,"column":4},"end":{"line":48,"column":5}},"type":"if","locations":[{"start":{"line":40,"column":4},"end":{"line":48,"column":5}}]}},"s":{"0":1,"1":1,"2":2,"3":2,"4":2,"5":1,"6":1,"7":1,"8":1,"9":2,"10":1},"f":{"0":2,"1":1,"2":1,"3":2},"b":{"0":[1]}}
,"/Users/paul/Documents/GitHub/MoPsJapan/src/contexts/ThemeContext.tsx": {"path":"/Users/paul/Documents/GitHub/MoPsJapan/src/contexts/ThemeContext.tsx","statementMap":{"0":{"start":{"line":1,"column":0},"end":{"line":1,"column":89}},"1":{"start":{"line":2,"column":0},"end":{"line":2,"column":76}},"2":{"start":{"line":12,"column":21},"end":{"line":12,"column":75}},"3":{"start":{"line":18,"column":59},"end":{"line":75,"column":1}},"4":{"start":{"line":19,"column":33},"end":{"line":19,"column":57}},"5":{"start":{"line":20,"column":36},"end":{"line":20,"column":50}},"6":{"start":{"line":21,"column":23},"end":{"line":21,"column":41}},"7":{"start":{"line":23,"column":2},"end":{"line":25,"column":9}},"8":{"start":{"line":24,"column":4},"end":{"line":24,"column":21}},"9":{"start":{"line":27,"column":25},"end":{"line":36,"column":3}},"10":{"start":{"line":28,"column":4},"end":{"line":35,"column":5}},"11":{"start":{"line":29,"column":25},"end":{"line":29,"column":61}},"12":{"start":{"line":30,"column":6},"end":{"line":30,"column":32}},"13":{"start":{"line":32,"column":6},"end":{"line":32,"column":58}},"14":{"start":{"line":34,"column":6},"end":{"line":34,"column":26}},"15":{"start":{"line":38,"column":17},"end":{"line":38,"column":51}},"16":{"start":{"line":40,"column":22},"end":{"line":49,"column":3}},"17":{"start":{"line":41,"column":4},"end":{"line":48,"column":5}},"18":{"start":{"line":42,"column":21},"end":{"line":42,"column":53}},"19":{"start":{"line":43,"column":6},"end":{"line":45,"column":7}},"20":{"start":{"line":44,"column":8},"end":{"line":44,"column":39}},"21":{"start":{"line":47,"column":6},"end":{"line":47,"column":54}},"22":{"start":{"line":51,"column":19},"end":{"line":60,"column":3}},"23":{"start":{"line":52,"column":4},"end":{"line":59,"column":5}},"24":{"start":{"line":53,"column":21},"end":{"line":53,"column":58}},"25":{"start":{"line":54,"column":6},"end":{"line":56,"column":7}},"26":{"start":{"line":55,"column":8},"end":{"line":55,"column":32}},"27":{"start":{"line":58,"column":6},"end":{"line":58,"column":51}},"28":{"start":{"line":62,"column":34},"end":{"line":68,"column":4}},"29":{"start":{"line":70,"column":2},"end":{"line":74,"column":4}},"30":{"start":{"line":18,"column":13},"end":{"line":18,"column":59}},"31":{"start":{"line":77,"column":24},"end":{"line":83,"column":1}},"32":{"start":{"line":78,"column":18},"end":{"line":78,"column":42}},"33":{"start":{"line":79,"column":2},"end":{"line":81,"column":3}},"34":{"start":{"line":80,"column":4},"end":{"line":80,"column":68}},"35":{"start":{"line":82,"column":2},"end":{"line":82,"column":17}},"36":{"start":{"line":77,"column":13},"end":{"line":77,"column":24}}},"fnMap":{"0":{"name":"(anonymous_9)","decl":{"start":{"line":18,"column":59},"end":{"line":18,"column":60}},"loc":{"start":{"line":18,"column":76},"end":{"line":75,"column":1}}},"1":{"name":"(anonymous_10)","decl":{"start":{"line":23,"column":12},"end":{"line":23,"column":15}},"loc":{"start":{"line":23,"column":17},"end":{"line":25,"column":3}}},"2":{"name":"(anonymous_11)","decl":{"start":{"line":27,"column":25},"end":{"line":27,"column":30}},"loc":{"start":{"line":27,"column":36},"end":{"line":36,"column":3}}},"3":{"name":"(anonymous_12)","decl":{"start":{"line":40,"column":22},"end":{"line":40,"column":27}},"loc":{"start":{"line":40,"column":33},"end":{"line":49,"column":3}}},"4":{"name":"(anonymous_13)","decl":{"start":{"line":51,"column":19},"end":{"line":51,"column":24}},"loc":{"start":{"line":51,"column":45},"end":{"line":60,"column":3}}},"5":{"name":"(anonymous_14)","decl":{"start":{"line":77,"column":24},"end":{"line":77,"column":45}},"loc":{"start":{"line":77,"column":47},"end":{"line":83,"column":1}}}},"branchMap":{"0":{"loc":{"start":{"line":43,"column":6},"end":{"line":45,"column":7}},"type":"if","locations":[{"start":{"line":43,"column":6},"end":{"line":45,"column":7}}]},"1":{"loc":{"start":{"line":43,"column":10},"end":{"line":43,"column":43}},"type":"binary-expr","locations":[{"start":{"line":43,"column":10},"end":{"line":43,"column":24}},{"start":{"line":43,"column":28},"end":{"line":43,"column":43}}]},"2":{"loc":{"start":{"line":54,"column":6},"end":{"line":56,"column":7}},"type":"if","locations":[{"start":{"line":54,"column":6},"end":{"line":56,"column":7}}]},"3":{"loc":{"start":{"line":79,"column":2},"end":{"line":81,"column":3}},"type":"if","locations":[{"start":{"line":79,"column":2},"end":{"line":81,"column":3}}]}},"s":{"0":2,"1":2,"2":2,"3":2,"4":0,"5":0,"6":0,"7":0,"8":0,"9":0,"10":0,"11":0,"12":0,"13":0,"14":0,"15":0,"16":0,"17":0,"18":0,"19":0,"20":0,"21":0,"22":0,"23":0,"24":0,"25":0,"26":0,"27":0,"28":0,"29":0,"30":2,"31":2,"32":0,"33":0,"34":0,"35":0,"36":2},"f":{"0":0,"1":0,"2":0,"3":0,"4":0,"5":0},"b":{"0":[0],"1":[0,0],"2":[0],"3":[0]}}
,"/Users/paul/Documents/GitHub/MoPsJapan/src/navigation/NavigationService.ts": {"path":"/Users/paul/Documents/GitHub/MoPsJapan/src/navigation/NavigationService.ts","statementMap":{"0":{"start":{"line":17,"column":31},"end":{"line":17,"column":42}},"1":{"start":{"line":20,"column":4},"end":{"line":41,"column":6}},"2":{"start":{"line":45,"column":28},"end":{"line":45,"column":76}},"3":{"start":{"line":45,"column":66},"end":{"line":45,"column":75}},"4":{"start":{"line":46,"column":28},"end":{"line":46,"column":48}},"5":{"start":{"line":47,"column":27},"end":{"line":47,"column":94}},"6":{"start":{"line":47,"column":60},"end":{"line":47,"column":93}},"7":{"start":{"line":49,"column":4},"end":{"line":52,"column":6}},"8":{"start":{"line":56,"column":4},"end":{"line":56,"column":28}},"9":{"start":{"line":60,"column":4},"end":{"line":60,"column":27}},"10":{"start":{"line":64,"column":16},"end":{"line":64,"column":75}},"11":{"start":{"line":64,"column":55},"end":{"line":64,"column":74}},"12":{"start":{"line":65,"column":4},"end":{"line":65,"column":34}},"13":{"start":{"line":16,"column":0},"end":{"line":16,"column":13}}},"fnMap":{"0":{"name":"(anonymous_0)","decl":{"start":{"line":19,"column":2},"end":{"line":19,"column":21}},"loc":{"start":{"line":19,"column":21},"end":{"line":42,"column":3}}},"1":{"name":"(anonymous_1)","decl":{"start":{"line":44,"column":2},"end":{"line":44,"column":20}},"loc":{"start":{"line":44,"column":58},"end":{"line":53,"column":3}}},"2":{"name":"(anonymous_2)","decl":{"start":{"line":45,"column":59},"end":{"line":45,"column":62}},"loc":{"start":{"line":45,"column":66},"end":{"line":45,"column":75}}},"3":{"name":"(anonymous_3)","decl":{"start":{"line":47,"column":50},"end":{"line":47,"column":56}},"loc":{"start":{"line":47,"column":60},"end":{"line":47,"column":93}}},"4":{"name":"(anonymous_4)","decl":{"start":{"line":55,"column":2},"end":{"line":55,"column":15}},"loc":{"start":{"line":55,"column":29},"end":{"line":57,"column":3}}},"5":{"name":"(anonymous_5)","decl":{"start":{"line":59,"column":2},"end":{"line":59,"column":15}},"loc":{"start":{"line":59,"column":15},"end":{"line":61,"column":3}}},"6":{"name":"(anonymous_6)","decl":{"start":{"line":63,"column":2},"end":{"line":63,"column":19}},"loc":{"start":{"line":63,"column":33},"end":{"line":66,"column":3}}},"7":{"name":"(anonymous_7)","decl":{"start":{"line":64,"column":48},"end":{"line":64,"column":51}},"loc":{"start":{"line":64,"column":55},"end":{"line":64,"column":74}}}},"branchMap":{"0":{"loc":{"start":{"line":65,"column":11},"end":{"line":65,"column":33}},"type":"binary-expr","locations":[{"start":{"line":65,"column":11},"end":{"line":65,"column":20}},{"start":{"line":65,"column":24},"end":{"line":65,"column":33}}]}},"s":{"0":21,"1":14,"2":2,"3":8,"4":2,"5":2,"6":8,"7":2,"8":1,"9":2,"10":7,"11":21,"12":7,"13":3},"f":{"0":14,"1":2,"2":8,"3":8,"4":1,"5":2,"6":7,"7":21},"b":{"0":[7,1]}}
,"/Users/paul/Documents/GitHub/MoPsJapan/src/screens/DebugScreen.tsx": {"path":"/Users/paul/Documents/GitHub/MoPsJapan/src/screens/DebugScreen.tsx","statementMap":{"0":{"start":{"line":27,"column":0},"end":{"line":27,"column":16}},"1":{"start":{"line":1,"column":0},"end":{"line":1,"column":51}},"2":{"start":{"line":2,"column":0},"end":{"line":2,"column":100}},"3":{"start":{"line":4,"column":0},"end":{"line":4,"column":69}},"4":{"start":{"line":5,"column":0},"end":{"line":5,"column":108}},"5":{"start":{"line":28,"column":36},"end":{"line":33,"column":4}},"6":{"start":{"line":34,"column":44},"end":{"line":34,"column":73}},"7":{"start":{"line":35,"column":42},"end":{"line":35,"column":83}},"8":{"start":{"line":36,"column":42},"end":{"line":36,"column":77}},"9":{"start":{"line":37,"column":32},"end":{"line":37,"column":47}},"10":{"start":{"line":38,"column":40},"end":{"line":38,"column":66}},"11":{"start":{"line":40,"column":2},"end":{"line":42,"column":9}},"12":{"start":{"line":41,"column":4},"end":{"line":41,"column":20}},"13":{"start":{"line":44,"column":24},"end":{"line":58,"column":3}},"14":{"start":{"line":45,"column":4},"end":{"line":45,"column":21}},"15":{"start":{"line":46,"column":4},"end":{"line":57,"column":5}},"16":{"start":{"line":47,"column":6},"end":{"line":51,"column":9}},"17":{"start":{"line":52,"column":6},"end":{"line":52,"column":33}},"18":{"start":{"line":54,"column":6},"end":{"line":54,"column":56}},"19":{"start":{"line":56,"column":6},"end":{"line":56,"column":24}},"20":{"start":{"line":60,"column":30},"end":{"line":75,"column":3}},"21":{"start":{"line":62,"column":38},"end":{"line":73,"column":6}},"22":{"start":{"line":74,"column":4},"end":{"line":74,"column":28}},"23":{"start":{"line":77,"column":26},"end":{"line":88,"column":3}},"24":{"start":{"line":78,"column":4},"end":{"line":87,"column":5}},"25":{"start":{"line":79,"column":29},"end":{"line":79,"column":68}},"26":{"start":{"line":80,"column":20},"end":{"line":80,"column":64}},"27":{"start":{"line":81,"column":20},"end":{"line":81,"column":58}},"28":{"start":{"line":83,"column":6},"end":{"line":83,"column":29}},"29":{"start":{"line":84,"column":6},"end":{"line":84,"column":29}},"30":{"start":{"line":86,"column":6},"end":{"line":86,"column":59}},"31":{"start":{"line":90,"column":28},"end":{"line":127,"column":3}},"32":{"start":{"line":91,"column":27},"end":{"line":91,"column":66}},"33":{"start":{"line":92,"column":18},"end":{"line":92,"column":80}},"34":{"start":{"line":92,"column":75},"end":{"line":92,"column":79}},"35":{"start":{"line":94,"column":38},"end":{"line":125,"column":6}},"36":{"start":{"line":126,"column":4},"end":{"line":126,"column":31}},"37":{"start":{"line":129,"column":25},"end":{"line":136,"column":3}},"38":{"start":{"line":130,"column":4},"end":{"line":135,"column":5}},"39":{"start":{"line":131,"column":22},"end":{"line":131,"column":39}},"40":{"start":{"line":132,"column":22},"end":{"line":132,"column":39}},"41":{"start":{"line":133,"column":20},"end":{"line":133,"column":37}},"42":{"start":{"line":134,"column":15},"end":{"line":134,"column":29}},"43":{"start":{"line":138,"column":24},"end":{"line":145,"column":3}},"44":{"start":{"line":139,"column":4},"end":{"line":144,"column":5}},"45":{"start":{"line":140,"column":22},"end":{"line":140,"column":33}},"46":{"start":{"line":141,"column":22},"end":{"line":141,"column":34}},"47":{"start":{"line":142,"column":20},"end":{"line":142,"column":31}},"48":{"start":{"line":143,"column":15},"end":{"line":143,"column":26}},"49":{"start":{"line":147,"column":25},"end":{"line":151,"column":3}},"50":{"start":{"line":149,"column":4},"end":{"line":149,"column":41}},"51":{"start":{"line":150,"column":4},"end":{"line":150,"column":26}},"52":{"start":{"line":153,"column":23},"end":{"line":155,"column":9}},"53":{"start":{"line":157,"column":2},"end":{"line":326,"column":4}},"54":{"start":{"line":232,"column":10},"end":{"line":246,"column":null}},"55":{"start":{"line":288,"column":14},"end":{"line":290,"column":null}},"56":{"start":{"line":329,"column":15},"end":{"line":572,"column":2}}},"fnMap":{"0":{"name":"DebugScreen","decl":{"start":{"line":27,"column":16},"end":{"line":27,"column":27}},"loc":{"start":{"line":27,"column":27},"end":{"line":327,"column":1}}},"1":{"name":"(anonymous_11)","decl":{"start":{"line":40,"column":12},"end":{"line":40,"column":15}},"loc":{"start":{"line":40,"column":17},"end":{"line":42,"column":3}}},"2":{"name":"(anonymous_12)","decl":{"start":{"line":44,"column":24},"end":{"line":44,"column":29}},"loc":{"start":{"line":44,"column":35},"end":{"line":58,"column":3}}},"3":{"name":"(anonymous_13)","decl":{"start":{"line":60,"column":30},"end":{"line":60,"column":35}},"loc":{"start":{"line":60,"column":41},"end":{"line":75,"column":3}}},"4":{"name":"(anonymous_14)","decl":{"start":{"line":77,"column":26},"end":{"line":77,"column":31}},"loc":{"start":{"line":77,"column":37},"end":{"line":88,"column":3}}},"5":{"name":"(anonymous_15)","decl":{"start":{"line":90,"column":28},"end":{"line":90,"column":33}},"loc":{"start":{"line":90,"column":39},"end":{"line":127,"column":3}}},"6":{"name":"(anonymous_16)","decl":{"start":{"line":92,"column":69},"end":{"line":92,"column":72}},"loc":{"start":{"line":92,"column":75},"end":{"line":92,"column":79}}},"7":{"name":"(anonymous_17)","decl":{"start":{"line":129,"column":25},"end":{"line":129,"column":26}},"loc":{"start":{"line":129,"column":61},"end":{"line":136,"column":3}}},"8":{"name":"(anonymous_18)","decl":{"start":{"line":138,"column":24},"end":{"line":138,"column":25}},"loc":{"start":{"line":138,"column":60},"end":{"line":145,"column":3}}},"9":{"name":"(anonymous_19)","decl":{"start":{"line":147,"column":25},"end":{"line":147,"column":28}},"loc":{"start":{"line":147,"column":30},"end":{"line":151,"column":3}}},"10":{"name":"(anonymous_20)","decl":{"start":{"line":231,"column":27},"end":{"line":231,"column":28}},"loc":{"start":{"line":232,"column":10},"end":{"line":246,"column":null}}},"11":{"name":"(anonymous_21)","decl":{"start":{"line":287,"column":48},"end":{"line":287,"column":49}},"loc":{"start":{"line":288,"column":14},"end":{"line":290,"column":null}}}},"branchMap":{"0":{"loc":{"start":{"line":121,"column":16},"end":{"line":121,"column":108}},"type":"cond-expr","locations":[{"start":{"line":121,"column":47},"end":{"line":121,"column":54}},{"start":{"line":121,"column":57},"end":{"line":121,"column":108}}]},"1":{"loc":{"start":{"line":121,"column":57},"end":{"line":121,"column":108}},"type":"cond-expr","locations":[{"start":{"line":121,"column":87},"end":{"line":121,"column":96}},{"start":{"line":121,"column":99},"end":{"line":121,"column":108}}]},"2":{"loc":{"start":{"line":123,"column":17},"end":{"line":123,"column":172}},"type":"cond-expr","locations":[{"start":{"line":123,"column":25},"end":{"line":123,"column":137}},{"start":{"line":123,"column":140},"end":{"line":123,"column":172}}]},"3":{"loc":{"start":{"line":130,"column":4},"end":{"line":135,"column":5}},"type":"switch","locations":[{"start":{"line":131,"column":6},"end":{"line":131,"column":39}},{"start":{"line":132,"column":6},"end":{"line":132,"column":39}},{"start":{"line":133,"column":6},"end":{"line":133,"column":37}},{"start":{"line":134,"column":6},"end":{"line":134,"column":29}}]},"4":{"loc":{"start":{"line":139,"column":4},"end":{"line":144,"column":5}},"type":"switch","locations":[{"start":{"line":140,"column":6},"end":{"line":140,"column":33}},{"start":{"line":141,"column":6},"end":{"line":141,"column":34}},{"start":{"line":142,"column":6},"end":{"line":142,"column":31}},{"start":{"line":143,"column":6},"end":{"line":143,"column":26}}]},"5":{"loc":{"start":{"line":153,"column":23},"end":{"line":155,"column":9}},"type":"cond-expr","locations":[{"start":{"line":154,"column":6},"end":{"line":154,"column":71}},{"start":{"line":155,"column":6},"end":{"line":155,"column":9}}]},"6":{"loc":{"start":{"line":203,"column":9},"end":{"line":224,"column":null}},"type":"binary-expr","locations":[{"start":{"line":203,"column":9},"end":{"line":203,"column":27}},{"start":{"line":204,"column":10},"end":{"line":223,"column":null}}]},"7":{"loc":{"start":{"line":252,"column":7},"end":{"line":294,"column":null}},"type":"binary-expr","locations":[{"start":{"line":252,"column":7},"end":{"line":252,"column":19}},{"start":{"line":252,"column":23},"end":{"line":252,"column":35}},{"start":{"line":253,"column":8},"end":{"line":293,"column":null}}]},"8":{"loc":{"start":{"line":260,"column":17},"end":{"line":260,"column":108}},"type":"cond-expr","locations":[{"start":{"line":260,"column":54},"end":{"line":260,"column":58}},{"start":{"line":260,"column":61},"end":{"line":260,"column":108}}]},"9":{"loc":{"start":{"line":260,"column":61},"end":{"line":260,"column":108}},"type":"cond-expr","locations":[{"start":{"line":260,"column":97},"end":{"line":260,"column":101}},{"start":{"line":260,"column":104},"end":{"line":260,"column":108}}]},"10":{"loc":{"start":{"line":264,"column":23},"end":{"line":265,"column":80}},"type":"cond-expr","locations":[{"start":{"line":264,"column":60},"end":{"line":264,"column":69}},{"start":{"line":265,"column":23},"end":{"line":265,"column":80}}]},"11":{"loc":{"start":{"line":265,"column":23},"end":{"line":265,"column":80}},"type":"cond-expr","locations":[{"start":{"line":265,"column":59},"end":{"line":265,"column":68}},{"start":{"line":265,"column":71},"end":{"line":265,"column":80}}]},"12":{"loc":{"start":{"line":274,"column":35},"end":{"line":275,"column":90}},"type":"cond-expr","locations":[{"start":{"line":274,"column":72},"end":{"line":274,"column":81}},{"start":{"line":275,"column":33},"end":{"line":275,"column":90}}]},"13":{"loc":{"start":{"line":275,"column":33},"end":{"line":275,"column":90}},"type":"cond-expr","locations":[{"start":{"line":275,"column":69},"end":{"line":275,"column":78}},{"start":{"line":275,"column":81},"end":{"line":275,"column":90}}]}},"s":{"0":1,"1":1,"2":1,"3":1,"4":1,"5":0,"6":0,"7":0,"8":0,"9":0,"10":0,"11":0,"12":0,"13":0,"14":0,"15":0,"16":0,"17":0,"18":0,"19":0,"20":0,"21":0,"22":0,"23":0,"24":0,"25":0,"26":0,"27":0,"28":0,"29":0,"30":0,"31":0,"32":0,"33":0,"34":0,"35":0,"36":0,"37":0,"38":0,"39":0,"40":0,"41":0,"42":0,"43":0,"44":0,"45":0,"46":0,"47":0,"48":0,"49":0,"50":0,"51":0,"52":0,"53":0,"54":0,"55":0,"56":1},"f":{"0":0,"1":0,"2":0,"3":0,"4":0,"5":0,"6":0,"7":0,"8":0,"9":0,"10":0,"11":0},"b":{"0":[0,0],"1":[0,0],"2":[0,0],"3":[0,0,0,0],"4":[0,0,0,0],"5":[0,0],"6":[0,0],"7":[0,0,0],"8":[0,0],"9":[0,0],"10":[0,0],"11":[0,0],"12":[0,0],"13":[0,0]}}
,"/Users/paul/Documents/GitHub/MoPsJapan/src/screens/MapScreen.tsx": {"path":"/Users/paul/Documents/GitHub/MoPsJapan/src/screens/MapScreen.tsx","statementMap":{"0":{"start":{"line":44,"column":0},"end":{"line":44,"column":16}},"1":{"start":{"line":1,"column":0},"end":{"line":1,"column":51}},"2":{"start":{"line":2,"column":0},"end":{"line":2,"column":89}},"3":{"start":{"line":3,"column":0},"end":{"line":3,"column":42}},"4":{"start":{"line":4,"column":0},"end":{"line":4,"column":52}},"5":{"start":{"line":5,"column":0},"end":{"line":5,"column":52}},"6":{"start":{"line":6,"column":0},"end":{"line":6,"column":63}},"7":{"start":{"line":7,"column":0},"end":{"line":7,"column":62}},"8":{"start":{"line":8,"column":0},"end":{"line":8,"column":64}},"9":{"start":{"line":9,"column":0},"end":{"line":9,"column":98}},"10":{"start":{"line":10,"column":0},"end":{"line":10,"column":72}},"11":{"start":{"line":45,"column":41},"end":{"line":45,"column":51}},"12":{"start":{"line":46,"column":42},"end":{"line":46,"column":77}},"13":{"start":{"line":47,"column":46},"end":{"line":47,"column":79}},"14":{"start":{"line":48,"column":32},"end":{"line":48,"column":47}},"15":{"start":{"line":49,"column":46},"end":{"line":49,"column":79}},"16":{"start":{"line":50,"column":42},"end":{"line":50,"column":69}},"17":{"start":{"line":51,"column":44},"end":{"line":51,"column":72}},"18":{"start":{"line":52,"column":38},"end":{"line":52,"column":67}},"19":{"start":{"line":53,"column":46},"end":{"line":53,"column":61}},"20":{"start":{"line":54,"column":40},"end":{"line":54,"column":55}},"21":{"start":{"line":55,"column":44},"end":{"line":55,"column":59}},"22":{"start":{"line":57,"column":26},"end":{"line":57,"column":47}},"23":{"start":{"line":58,"column":21},"end":{"line":61,"column":null}},"24":{"start":{"line":64,"column":2},"end":{"line":70,"column":9}},"25":{"start":{"line":66,"column":4},"end":{"line":66,"column":33}},"26":{"start":{"line":68,"column":4},"end":{"line":68,"column":24}},"27":{"start":{"line":69,"column":4},"end":{"line":69,"column":23}},"28":{"start":{"line":72,"column":37},"end":{"line":84,"column":3}},"29":{"start":{"line":73,"column":4},"end":{"line":83,"column":5}},"30":{"start":{"line":74,"column":25},"end":{"line":74,"column":75}},"31":{"start":{"line":75,"column":6},"end":{"line":80,"column":7}},"32":{"start":{"line":76,"column":25},"end":{"line":78,"column":10}},"33":{"start":{"line":82,"column":6},"end":{"line":82,"column":57}},"34":{"start":{"line":86,"column":27},"end":{"line":94,"column":3}},"35":{"start":{"line":87,"column":4},"end":{"line":93,"column":5}},"36":{"start":{"line":89,"column":21},"end":{"line":89,"column":76}},"37":{"start":{"line":90,"column":6},"end":{"line":90,"column":39}},"38":{"start":{"line":92,"column":6},"end":{"line":92,"column":30}},"39":{"start":{"line":96,"column":28},"end":{"line":130,"column":3}},"40":{"start":{"line":97,"column":4},"end":{"line":97,"column":21}},"41":{"start":{"line":98,"column":4},"end":{"line":98,"column":48}},"42":{"start":{"line":100,"column":4},"end":{"line":129,"column":5}},"43":{"start":{"line":101,"column":21},"end":{"line":101,"column":55}},"44":{"start":{"line":103,"column":6},"end":{"line":123,"column":7}},"45":{"start":{"line":104,"column":8},"end":{"line":104,"column":41}},"46":{"start":{"line":105,"column":8},"end":{"line":105,"column":130}},"47":{"start":{"line":108,"column":25},"end":{"line":110,"column":78}},"48":{"start":{"line":111,"column":8},"end":{"line":111,"column":36}},"49":{"start":{"line":113,"column":8},"end":{"line":113,"column":52}},"50":{"start":{"line":114,"column":8},"end":{"line":114,"column":80}},"51":{"start":{"line":117,"column":32},"end":{"line":117,"column":74}},"52":{"start":{"line":118,"column":8},"end":{"line":118,"column":41}},"53":{"start":{"line":119,"column":25},"end":{"line":121,"column":78}},"54":{"start":{"line":122,"column":8},"end":{"line":122,"column":36}},"55":{"start":{"line":125,"column":6},"end":{"line":125,"column":51}},"56":{"start":{"line":126,"column":6},"end":{"line":126,"column":46}},"57":{"start":{"line":128,"column":6},"end":{"line":128,"column":24}},"58":{"start":{"line":132,"column":31},"end":{"line":153,"column":3}},"59":{"start":{"line":133,"column":4},"end":{"line":136,"column":5}},"60":{"start":{"line":134,"column":6},"end":{"line":134,"column":73}},"61":{"start":{"line":135,"column":6},"end":{"line":135,"column":13}},"62":{"start":{"line":138,"column":4},"end":{"line":152,"column":5}},"63":{"start":{"line":139,"column":25},"end":{"line":139,"column":93}},"64":{"start":{"line":140,"column":22},"end":{"line":140,"column":80}},"65":{"start":{"line":141,"column":6},"end":{"line":141,"column":31}},"66":{"start":{"line":144,"column":6},"end":{"line":148,"column":7}},"67":{"start":{"line":145,"column":8},"end":{"line":145,"column":43}},"68":{"start":{"line":146,"column":32},"end":{"line":146,"column":80}},"69":{"start":{"line":147,"column":8},"end":{"line":147,"column":39}},"70":{"start":{"line":150,"column":6},"end":{"line":150,"column":55}},"71":{"start":{"line":151,"column":6},"end":{"line":151,"column":62}},"72":{"start":{"line":155,"column":31},"end":{"line":157,"column":3}},"73":{"start":{"line":156,"column":4},"end":{"line":156,"column":28}},"74":{"start":{"line":159,"column":35},"end":{"line":165,"column":3}},"75":{"start":{"line":160,"column":19},"end":{"line":160,"column":83}},"76":{"start":{"line":161,"column":4},"end":{"line":163,"column":5}},"77":{"start":{"line":162,"column":6},"end":{"line":162,"column":29}},"78":{"start":{"line":164,"column":4},"end":{"line":164,"column":14}},"79":{"start":{"line":167,"column":34},"end":{"line":179,"column":3}},"80":{"start":{"line":168,"column":27},"end":{"line":168,"column":39}},"81":{"start":{"line":169,"column":4},"end":{"line":169,"column":35}},"82":{"start":{"line":171,"column":4},"end":{"line":178,"column":5}},"83":{"start":{"line":172,"column":6},"end":{"line":172,"column":23}},"84":{"start":{"line":173,"column":23},"end":{"line":175,"column":73}},"85":{"start":{"line":176,"column":6},"end":{"line":176,"column":34}},"86":{"start":{"line":177,"column":6},"end":{"line":177,"column":24}},"87":{"start":{"line":181,"column":24},"end":{"line":217,"column":null}},"88":{"start":{"line":182,"column":4},"end":{"line":216,"column":null}},"89":{"start":{"line":199,"column":12},"end":{"line":201,"column":null}},"90":{"start":{"line":212,"column":23},"end":{"line":212,"column":49}},"91":{"start":{"line":220,"column":25},"end":{"line":227,"column":3}},"92":{"start":{"line":221,"column":4},"end":{"line":226,"column":5}},"93":{"start":{"line":222,"column":21},"end":{"line":222,"column":38}},"94":{"start":{"line":223,"column":22},"end":{"line":223,"column":39}},"95":{"start":{"line":224,"column":24},"end":{"line":224,"column":41}},"96":{"start":{"line":225,"column":15},"end":{"line":225,"column":32}},"97":{"start":{"line":229,"column":23},"end":{"line":229,"column":56}},"98":{"start":{"line":231,"column":2},"end":{"line":384,"column":4}},"99":{"start":{"line":282,"column":36},"end":{"line":282,"column":45}},"100":{"start":{"line":321,"column":14},"end":{"line":330,"column":null}},"101":{"start":{"line":333,"column":40},"end":{"line":333,"column":56}},"102":{"start":{"line":338,"column":27},"end":{"line":338,"column":51}},"103":{"start":{"line":371,"column":10},"end":{"line":379,"column":null}},"104":{"start":{"line":387,"column":27},"end":{"line":670,"column":2}},"105":{"start":{"line":387,"column":59},"end":{"line":670,"column":2}},"106":{"start":{"line":672,"column":15},"end":{"line":939,"column":2}}},"fnMap":{"0":{"name":"MapScreen","decl":{"start":{"line":44,"column":16},"end":{"line":44,"column":25}},"loc":{"start":{"line":44,"column":25},"end":{"line":385,"column":1}}},"1":{"name":"(anonymous_10)","decl":{"start":{"line":64,"column":12},"end":{"line":64,"column":15}},"loc":{"start":{"line":64,"column":17},"end":{"line":70,"column":3}}},"2":{"name":"(anonymous_11)","decl":{"start":{"line":72,"column":37},"end":{"line":72,"column":42}},"loc":{"start":{"line":72,"column":48},"end":{"line":84,"column":3}}},"3":{"name":"(anonymous_12)","decl":{"start":{"line":86,"column":27},"end":{"line":86,"column":32}},"loc":{"start":{"line":86,"column":38},"end":{"line":94,"column":3}}},"4":{"name":"(anonymous_13)","decl":{"start":{"line":96,"column":28},"end":{"line":96,"column":33}},"loc":{"start":{"line":96,"column":39},"end":{"line":130,"column":3}}},"5":{"name":"(anonymous_14)","decl":{"start":{"line":132,"column":31},"end":{"line":132,"column":36}},"loc":{"start":{"line":132,"column":72},"end":{"line":153,"column":3}}},"6":{"name":"(anonymous_15)","decl":{"start":{"line":155,"column":31},"end":{"line":155,"column":34}},"loc":{"start":{"line":155,"column":36},"end":{"line":157,"column":3}}},"7":{"name":"(anonymous_16)","decl":{"start":{"line":159,"column":35},"end":{"line":159,"column":40}},"loc":{"start":{"line":159,"column":114},"end":{"line":165,"column":3}}},"8":{"name":"(anonymous_17)","decl":{"start":{"line":167,"column":34},"end":{"line":167,"column":39}},"loc":{"start":{"line":167,"column":45},"end":{"line":179,"column":3}}},"9":{"name":"(anonymous_18)","decl":{"start":{"line":181,"column":24},"end":{"line":181,"column":25}},"loc":{"start":{"line":182,"column":4},"end":{"line":216,"column":null}}},"10":{"name":"(anonymous_19)","decl":{"start":{"line":198,"column":27},"end":{"line":198,"column":28}},"loc":{"start":{"line":199,"column":12},"end":{"line":201,"column":null}}},"11":{"name":"(anonymous_20)","decl":{"start":{"line":212,"column":17},"end":{"line":212,"column":20}},"loc":{"start":{"line":212,"column":23},"end":{"line":212,"column":49}}},"12":{"name":"(anonymous_21)","decl":{"start":{"line":220,"column":25},"end":{"line":220,"column":26}},"loc":{"start":{"line":220,"column":52},"end":{"line":227,"column":3}}},"13":{"name":"(anonymous_22)","decl":{"start":{"line":282,"column":26},"end":{"line":282,"column":27}},"loc":{"start":{"line":282,"column":36},"end":{"line":282,"column":45}}},"14":{"name":"(anonymous_23)","decl":{"start":{"line":320,"column":24},"end":{"line":320,"column":25}},"loc":{"start":{"line":321,"column":14},"end":{"line":330,"column":null}}},"15":{"name":"(anonymous_24)","decl":{"start":{"line":333,"column":26},"end":{"line":333,"column":27}},"loc":{"start":{"line":333,"column":40},"end":{"line":333,"column":56}}},"16":{"name":"(anonymous_25)","decl":{"start":{"line":338,"column":21},"end":{"line":338,"column":24}},"loc":{"start":{"line":338,"column":27},"end":{"line":338,"column":51}}},"17":{"name":"(anonymous_26)","decl":{"start":{"line":370,"column":28},"end":{"line":370,"column":29}},"loc":{"start":{"line":371,"column":10},"end":{"line":379,"column":null}}},"18":{"name":"(anonymous_27)","decl":{"start":{"line":387,"column":27},"end":{"line":387,"column":28}},"loc":{"start":{"line":387,"column":59},"end":{"line":670,"column":2}}}},"branchMap":{"0":{"loc":{"start":{"line":75,"column":6},"end":{"line":80,"column":7}},"type":"if","locations":[{"start":{"line":75,"column":6},"end":{"line":80,"column":7}}]},"1":{"loc":{"start":{"line":103,"column":6},"end":{"line":123,"column":7}},"type":"if","locations":[{"start":{"line":103,"column":6},"end":{"line":123,"column":7}},{"start":{"line":112,"column":13},"end":{"line":123,"column":7}}]},"2":{"loc":{"start":{"line":103,"column":10},"end":{"line":103,"column":43}},"type":"binary-expr","locations":[{"start":{"line":103,"column":10},"end":{"line":103,"column":24}},{"start":{"line":103,"column":28},"end":{"line":103,"column":43}}]},"3":{"loc":{"start":{"line":108,"column":25},"end":{"line":110,"column":78}},"type":"cond-expr","locations":[{"start":{"line":109,"column":12},"end":{"line":109,"column":64}},{"start":{"line":110,"column":12},"end":{"line":110,"column":78}}]},"4":{"loc":{"start":{"line":114,"column":38},"end":{"line":114,"column":78}},"type":"binary-expr","locations":[{"start":{"line":114,"column":38},"end":{"line":114,"column":50}},{"start":{"line":114,"column":54},"end":{"line":114,"column":78}}]},"5":{"loc":{"start":{"line":119,"column":25},"end":{"line":121,"column":78}},"type":"cond-expr","locations":[{"start":{"line":120,"column":12},"end":{"line":120,"column":64}},{"start":{"line":121,"column":12},"end":{"line":121,"column":78}}]},"6":{"loc":{"start":{"line":133,"column":4},"end":{"line":136,"column":5}},"type":"if","locations":[{"start":{"line":133,"column":4},"end":{"line":136,"column":5}}]},"7":{"loc":{"start":{"line":144,"column":6},"end":{"line":148,"column":7}},"type":"if","locations":[{"start":{"line":144,"column":6},"end":{"line":148,"column":7}}]},"8":{"loc":{"start":{"line":144,"column":10},"end":{"line":144,"column":48}},"type":"binary-expr","locations":[{"start":{"line":144,"column":10},"end":{"line":144,"column":28}},{"start":{"line":144,"column":32},"end":{"line":144,"column":48}}]},"9":{"loc":{"start":{"line":161,"column":4},"end":{"line":163,"column":5}},"type":"if","locations":[{"start":{"line":161,"column":4},"end":{"line":163,"column":5}}]},"10":{"loc":{"start":{"line":161,"column":8},"end":{"line":161,"column":41}},"type":"binary-expr","locations":[{"start":{"line":161,"column":8},"end":{"line":161,"column":22}},{"start":{"line":161,"column":26},"end":{"line":161,"column":41}}]},"11":{"loc":{"start":{"line":171,"column":4},"end":{"line":178,"column":5}},"type":"if","locations":[{"start":{"line":171,"column":4},"end":{"line":178,"column":5}}]},"12":{"loc":{"start":{"line":173,"column":23},"end":{"line":175,"column":73}},"type":"cond-expr","locations":[{"start":{"line":174,"column":10},"end":{"line":174,"column":59}},{"start":{"line":175,"column":10},"end":{"line":175,"column":73}}]},"13":{"loc":{"start":{"line":196,"column":7},"end":{"line":203,"column":null}},"type":"binary-expr","locations":[{"start":{"line":196,"column":7},"end":{"line":196,"column":29}},{"start":{"line":197,"column":8},"end":{"line":202,"column":null}}]},"14":{"loc":{"start":{"line":205,"column":7},"end":{"line":208,"column":null}},"type":"binary-expr","locations":[{"start":{"line":205,"column":7},"end":{"line":205,"column":23}},{"start":{"line":206,"column":8},"end":{"line":207,"column":null}}]},"15":{"loc":{"start":{"line":221,"column":4},"end":{"line":226,"column":5}},"type":"switch","locations":[{"start":{"line":222,"column":6},"end":{"line":222,"column":38}},{"start":{"line":223,"column":6},"end":{"line":223,"column":39}},{"start":{"line":224,"column":6},"end":{"line":224,"column":41}},{"start":{"line":225,"column":6},"end":{"line":225,"column":32}}]},"16":{"loc":{"start":{"line":240,"column":13},"end":{"line":240,"column":44}},"type":"cond-expr","locations":[{"start":{"line":240,"column":33},"end":{"line":240,"column":37}},{"start":{"line":240,"column":40},"end":{"line":240,"column":44}}]},"17":{"loc":{"start":{"line":255,"column":13},"end":{"line":255,"column":64}},"type":"cond-expr","locations":[{"start":{"line":255,"column":23},"end":{"line":255,"column":44}},{"start":{"line":255,"column":47},"end":{"line":255,"column":64}}]},"18":{"loc":{"start":{"line":259,"column":9},"end":{"line":268,"column":null}},"type":"binary-expr","locations":[{"start":{"line":259,"column":9},"end":{"line":259,"column":22}},{"start":{"line":260,"column":10},"end":{"line":267,"column":null}}]},"19":{"loc":{"start":{"line":261,"column":49},"end":{"line":261,"column":124}},"type":"cond-expr","locations":[{"start":{"line":261,"column":63},"end":{"line":261,"column":95}},{"start":{"line":261,"column":98},"end":{"line":261,"column":124}}]},"20":{"loc":{"start":{"line":265,"column":51},"end":{"line":265,"column":96}},"type":"binary-expr","locations":[{"start":{"line":265,"column":51},"end":{"line":265,"column":62}},{"start":{"line":265,"column":66},"end":{"line":265,"column":96}}]},"21":{"loc":{"start":{"line":266,"column":15},"end":{"line":266,"column":67}},"type":"cond-expr","locations":[{"start":{"line":266,"column":29},"end":{"line":266,"column":43}},{"start":{"line":266,"column":46},"end":{"line":266,"column":67}}]},"22":{"loc":{"start":{"line":275,"column":11},"end":{"line":275,"column":88}},"type":"binary-expr","locations":[{"start":{"line":275,"column":11},"end":{"line":275,"column":22}},{"start":{"line":275,"column":26},"end":{"line":275,"column":88}}]},"23":{"loc":{"start":{"line":278,"column":9},"end":{"line":289,"column":null}},"type":"cond-expr","locations":[{"start":{"line":279,"column":10},"end":{"line":284,"column":null}},{"start":{"line":287,"column":10},"end":{"line":288,"column":null}}]},"24":{"loc":{"start":{"line":288,"column":13},"end":{"line":288,"column":73}},"type":"cond-expr","locations":[{"start":{"line":288,"column":23},"end":{"line":288,"column":44}},{"start":{"line":288,"column":47},"end":{"line":288,"column":73}}]},"25":{"loc":{"start":{"line":293,"column":7},"end":{"line":312,"column":null}},"type":"binary-expr","locations":[{"start":{"line":293,"column":7},"end":{"line":293,"column":20}},{"start":{"line":294,"column":8},"end":{"line":311,"column":null}}]},"26":{"loc":{"start":{"line":301,"column":13},"end":{"line":302,"column":null}},"type":"binary-expr","locations":[{"start":{"line":301,"column":13},"end":{"line":301,"column":44}},{"start":{"line":302,"column":14},"end":{"line":302,"column":null}}]},"27":{"loc":{"start":{"line":315,"column":7},"end":{"line":342,"column":null}},"type":"binary-expr","locations":[{"start":{"line":315,"column":7},"end":{"line":315,"column":21}},{"start":{"line":315,"column":25},"end":{"line":315,"column":46}},{"start":{"line":316,"column":8},"end":{"line":341,"column":null}}]},"28":{"loc":{"start":{"line":327,"column":19},"end":{"line":328,"column":null}},"type":"binary-expr","locations":[{"start":{"line":327,"column":19},"end":{"line":327,"column":32}},{"start":{"line":328,"column":20},"end":{"line":328,"column":null}}]},"29":{"loc":{"start":{"line":348,"column":16},"end":{"line":358,"column":null}},"type":"cond-expr","locations":[{"start":{"line":348,"column":31},"end":{"line":353,"column":10}},{"start":{"line":353,"column":12},"end":{"line":358,"column":null}}]},"30":{"loc":{"start":{"line":362,"column":9},"end":{"line":368,"column":null}},"type":"binary-expr","locations":[{"start":{"line":362,"column":9},"end":{"line":362,"column":21}},{"start":{"line":363,"column":10},"end":{"line":367,"column":null}}]},"31":{"loc":{"start":{"line":379,"column":22},"end":{"line":379,"column":109}},"type":"cond-expr","locations":[{"start":{"line":379,"column":52},"end":{"line":379,"column":59}},{"start":{"line":379,"column":62},"end":{"line":379,"column":109}}]},"32":{"loc":{"start":{"line":379,"column":62},"end":{"line":379,"column":109}},"type":"cond-expr","locations":[{"start":{"line":379,"column":93},"end":{"line":379,"column":101}},{"start":{"line":379,"column":104},"end":{"line":379,"column":109}}]},"33":{"loc":{"start":{"line":581,"column":21},"end":{"line":581,"column":61}},"type":"cond-expr","locations":[{"start":{"line":581,"column":40},"end":{"line":581,"column":49}},{"start":{"line":581,"column":52},"end":{"line":581,"column":61}}]}},"s":{"0":1,"1":1,"2":1,"3":1,"4":1,"5":1,"6":1,"7":1,"8":1,"9":1,"10":1,"11":0,"12":0,"13":0,"14":0,"15":0,"16":0,"17":0,"18":0,"19":0,"20":0,"21":0,"22":0,"23":0,"24":0,"25":0,"26":0,"27":0,"28":0,"29":0,"30":0,"31":0,"32":0,"33":0,"34":0,"35":0,"36":0,"37":0,"38":0,"39":0,"40":0,"41":0,"42":0,"43":0,"44":0,"45":0,"46":0,"47":0,"48":0,"49":0,"50":0,"51":0,"52":0,"53":0,"54":0,"55":0,"56":0,"57":0,"58":0,"59":0,"60":0,"61":0,"62":0,"63":0,"64":0,"65":0,"66":0,"67":0,"68":0,"69":0,"70":0,"71":0,"72":0,"73":0,"74":0,"75":0,"76":0,"77":0,"78":0,"79":0,"80":0,"81":0,"82":0,"83":0,"84":0,"85":0,"86":0,"87":0,"88":0,"89":0,"90":0,"91":0,"92":0,"93":0,"94":0,"95":0,"96":0,"97":0,"98":0,"99":0,"100":0,"101":0,"102":0,"103":0,"104":1,"105":0,"106":1},"f":{"0":0,"1":0,"2":0,"3":0,"4":0,"5":0,"6":0,"7":0,"8":0,"9":0,"10":0,"11":0,"12":0,"13":0,"14":0,"15":0,"16":0,"17":0,"18":0},"b":{"0":[0],"1":[0,0],"2":[0,0],"3":[0,0],"4":[0,0],"5":[0,0],"6":[0],"7":[0],"8":[0,0],"9":[0],"10":[0,0],"11":[0],"12":[0,0],"13":[0,0],"14":[0,0],"15":[0,0,0,0],"16":[0,0],"17":[0,0],"18":[0,0],"19":[0,0],"20":[0,0],"21":[0,0],"22":[0,0],"23":[0,0],"24":[0,0],"25":[0,0],"26":[0,0],"27":[0,0,0],"28":[0,0],"29":[0,0],"30":[0,0],"31":[0,0],"32":[0,0],"33":[0,0]}}
,"/Users/paul/Documents/GitHub/MoPsJapan/src/screens/PlacesScreen.tsx": {"path":"/Users/paul/Documents/GitHub/MoPsJapan/src/screens/PlacesScreen.tsx","statementMap":{"0":{"start":{"line":6,"column":0},"end":{"line":6,"column":16}},"1":{"start":{"line":1,"column":0},"end":{"line":1,"column":51}},"2":{"start":{"line":2,"column":0},"end":{"line":2,"column":107}},"3":{"start":{"line":3,"column":0},"end":{"line":3,"column":92}},"4":{"start":{"line":4,"column":0},"end":{"line":4,"column":62}},"5":{"start":{"line":7,"column":30},"end":{"line":7,"column":51}},"6":{"start":{"line":8,"column":46},"end":{"line":8,"column":67}},"7":{"start":{"line":9,"column":32},"end":{"line":9,"column":46}},"8":{"start":{"line":10,"column":50},"end":{"line":10,"column":88}},"9":{"start":{"line":11,"column":38},"end":{"line":11,"column":50}},"10":{"start":{"line":12,"column":44},"end":{"line":12,"column":72}},"11":{"start":{"line":13,"column":42},"end":{"line":13,"column":57}},"12":{"start":{"line":14,"column":36},"end":{"line":14,"column":51}},"13":{"start":{"line":15,"column":34},"end":{"line":15,"column":66}},"14":{"start":{"line":16,"column":34},"end":{"line":21,"column":4}},"15":{"start":{"line":23,"column":30},"end":{"line":23,"column":76}},"16":{"start":{"line":25,"column":2},"end":{"line":27,"column":9}},"17":{"start":{"line":26,"column":4},"end":{"line":26,"column":17}},"18":{"start":{"line":29,"column":2},"end":{"line":31,"column":45}},"19":{"start":{"line":30,"column":4},"end":{"line":30,"column":19}},"20":{"start":{"line":33,"column":21},"end":{"line":40,"column":3}},"21":{"start":{"line":34,"column":4},"end":{"line":39,"column":5}},"22":{"start":{"line":35,"column":27},"end":{"line":35,"column":68}},"23":{"start":{"line":36,"column":6},"end":{"line":36,"column":30}},"24":{"start":{"line":38,"column":6},"end":{"line":38,"column":24}},"25":{"start":{"line":42,"column":23},"end":{"line":56,"column":3}},"26":{"start":{"line":43,"column":19},"end":{"line":43,"column":25}},"27":{"start":{"line":46,"column":4},"end":{"line":48,"column":5}},"28":{"start":{"line":47,"column":6},"end":{"line":47,"column":62}},"29":{"start":{"line":51,"column":4},"end":{"line":53,"column":5}},"30":{"start":{"line":52,"column":6},"end":{"line":52,"column":75}},"31":{"start":{"line":55,"column":4},"end":{"line":55,"column":32}},"32":{"start":{"line":58,"column":31},"end":{"line":61,"column":3}},"33":{"start":{"line":59,"column":4},"end":{"line":59,"column":34}},"34":{"start":{"line":60,"column":4},"end":{"line":60,"column":22}},"35":{"start":{"line":63,"column":23},"end":{"line":66,"column":3}},"36":{"start":{"line":64,"column":4},"end":{"line":64,"column":24}},"37":{"start":{"line":65,"column":4},"end":{"line":65,"column":31}},"38":{"start":{"line":68,"column":25},"end":{"line":88,"column":3}},"39":{"start":{"line":69,"column":4},"end":{"line":72,"column":5}},"40":{"start":{"line":70,"column":6},"end":{"line":70,"column":61}},"41":{"start":{"line":71,"column":6},"end":{"line":71,"column":13}},"42":{"start":{"line":74,"column":20},"end":{"line":79,"column":6}},"43":{"start":{"line":81,"column":4},"end":{"line":87,"column":5}},"44":{"start":{"line":82,"column":6},"end":{"line":82,"column":29}},"45":{"start":{"line":83,"column":6},"end":{"line":83,"column":83}},"46":{"start":{"line":84,"column":6},"end":{"line":84,"column":19}},"47":{"start":{"line":86,"column":6},"end":{"line":86,"column":51}},"48":{"start":{"line":90,"column":16},"end":{"line":90,"column":56}},"49":{"start":{"line":92,"column":22},"end":{"line":105,"column":null}},"50":{"start":{"line":93,"column":4},"end":{"line":104,"column":null}},"51":{"start":{"line":95,"column":21},"end":{"line":95,"column":43}},"52":{"start":{"line":108,"column":25},"end":{"line":123,"column":null}},"53":{"start":{"line":109,"column":4},"end":{"line":122,"column":null}},"54":{"start":{"line":115,"column":21},"end":{"line":115,"column":51}},"55":{"start":{"line":126,"column":2},"end":{"line":132,"column":3}},"56":{"start":{"line":127,"column":4},"end":{"line":131,"column":6}},"57":{"start":{"line":134,"column":2},"end":{"line":314,"column":4}},"58":{"start":{"line":142,"column":23},"end":{"line":142,"column":47}},"59":{"start":{"line":160,"column":12},"end":{"line":160,"column":53}},"60":{"start":{"line":188,"column":25},"end":{"line":188,"column":44}},"61":{"start":{"line":194,"column":25},"end":{"line":194,"column":43}},"62":{"start":{"line":206,"column":34},"end":{"line":206,"column":41}},"63":{"start":{"line":222,"column":23},"end":{"line":222,"column":44}},"64":{"start":{"line":253,"column":33},"end":{"line":253,"column":55}},"65":{"start":{"line":277,"column":38},"end":{"line":277,"column":76}},"66":{"start":{"line":284,"column":38},"end":{"line":284,"column":76}},"67":{"start":{"line":291,"column":38},"end":{"line":291,"column":83}},"68":{"start":{"line":305,"column":31},"end":{"line":305,"column":53}},"69":{"start":{"line":317,"column":15},"end":{"line":593,"column":2}}},"fnMap":{"0":{"name":"PlacesScreen","decl":{"start":{"line":6,"column":16},"end":{"line":6,"column":28}},"loc":{"start":{"line":6,"column":28},"end":{"line":315,"column":1}}},"1":{"name":"(anonymous_10)","decl":{"start":{"line":25,"column":12},"end":{"line":25,"column":15}},"loc":{"start":{"line":25,"column":17},"end":{"line":27,"column":3}}},"2":{"name":"(anonymous_11)","decl":{"start":{"line":29,"column":12},"end":{"line":29,"column":15}},"loc":{"start":{"line":29,"column":17},"end":{"line":31,"column":3}}},"3":{"name":"(anonymous_12)","decl":{"start":{"line":33,"column":21},"end":{"line":33,"column":26}},"loc":{"start":{"line":33,"column":32},"end":{"line":40,"column":3}}},"4":{"name":"(anonymous_13)","decl":{"start":{"line":42,"column":23},"end":{"line":42,"column":26}},"loc":{"start":{"line":42,"column":28},"end":{"line":56,"column":3}}},"5":{"name":"(anonymous_14)","decl":{"start":{"line":58,"column":31},"end":{"line":58,"column":32}},"loc":{"start":{"line":58,"column":67},"end":{"line":61,"column":3}}},"6":{"name":"(anonymous_15)","decl":{"start":{"line":63,"column":23},"end":{"line":63,"column":24}},"loc":{"start":{"line":63,"column":40},"end":{"line":66,"column":3}}},"7":{"name":"(anonymous_16)","decl":{"start":{"line":68,"column":25},"end":{"line":68,"column":30}},"loc":{"start":{"line":68,"column":36},"end":{"line":88,"column":3}}},"8":{"name":"(anonymous_17)","decl":{"start":{"line":92,"column":22},"end":{"line":92,"column":23}},"loc":{"start":{"line":93,"column":4},"end":{"line":104,"column":null}}},"9":{"name":"(anonymous_18)","decl":{"start":{"line":95,"column":15},"end":{"line":95,"column":18}},"loc":{"start":{"line":95,"column":21},"end":{"line":95,"column":43}}},"10":{"name":"(anonymous_19)","decl":{"start":{"line":108,"column":25},"end":{"line":108,"column":26}},"loc":{"start":{"line":109,"column":4},"end":{"line":122,"column":null}}},"11":{"name":"(anonymous_20)","decl":{"start":{"line":115,"column":15},"end":{"line":115,"column":18}},"loc":{"start":{"line":115,"column":21},"end":{"line":115,"column":51}}},"12":{"name":"(anonymous_21)","decl":{"start":{"line":142,"column":17},"end":{"line":142,"column":20}},"loc":{"start":{"line":142,"column":23},"end":{"line":142,"column":47}}},"13":{"name":"(anonymous_22)","decl":{"start":{"line":159,"column":44},"end":{"line":159,"column":45}},"loc":{"start":{"line":160,"column":12},"end":{"line":160,"column":53}}},"14":{"name":"(anonymous_23)","decl":{"start":{"line":188,"column":19},"end":{"line":188,"column":22}},"loc":{"start":{"line":188,"column":25},"end":{"line":188,"column":44}}},"15":{"name":"(anonymous_24)","decl":{"start":{"line":194,"column":19},"end":{"line":194,"column":22}},"loc":{"start":{"line":194,"column":25},"end":{"line":194,"column":43}}},"16":{"name":"(anonymous_25)","decl":{"start":{"line":206,"column":24},"end":{"line":206,"column":25}},"loc":{"start":{"line":206,"column":34},"end":{"line":206,"column":41}}},"17":{"name":"(anonymous_26)","decl":{"start":{"line":222,"column":17},"end":{"line":222,"column":20}},"loc":{"start":{"line":222,"column":23},"end":{"line":222,"column":44}}},"18":{"name":"(anonymous_27)","decl":{"start":{"line":253,"column":27},"end":{"line":253,"column":30}},"loc":{"start":{"line":253,"column":33},"end":{"line":253,"column":55}}},"19":{"name":"(anonymous_28)","decl":{"start":{"line":277,"column":28},"end":{"line":277,"column":29}},"loc":{"start":{"line":277,"column":38},"end":{"line":277,"column":76}}},"20":{"name":"(anonymous_29)","decl":{"start":{"line":284,"column":28},"end":{"line":284,"column":29}},"loc":{"start":{"line":284,"column":38},"end":{"line":284,"column":76}}},"21":{"name":"(anonymous_30)","decl":{"start":{"line":291,"column":28},"end":{"line":291,"column":29}},"loc":{"start":{"line":291,"column":38},"end":{"line":291,"column":83}}},"22":{"name":"(anonymous_31)","decl":{"start":{"line":305,"column":25},"end":{"line":305,"column":28}},"loc":{"start":{"line":305,"column":31},"end":{"line":305,"column":53}}}},"branchMap":{"0":{"loc":{"start":{"line":46,"column":4},"end":{"line":48,"column":5}},"type":"if","locations":[{"start":{"line":46,"column":4},"end":{"line":48,"column":5}}]},"1":{"loc":{"start":{"line":51,"column":4},"end":{"line":53,"column":5}},"type":"if","locations":[{"start":{"line":51,"column":4},"end":{"line":53,"column":5}}]},"2":{"loc":{"start":{"line":69,"column":4},"end":{"line":72,"column":5}},"type":"if","locations":[{"start":{"line":69,"column":4},"end":{"line":72,"column":5}}]},"3":{"loc":{"start":{"line":69,"column":8},"end":{"line":69,"column":54}},"type":"binary-expr","locations":[{"start":{"line":69,"column":8},"end":{"line":69,"column":29}},{"start":{"line":69,"column":33},"end":{"line":69,"column":54}}]},"4":{"loc":{"start":{"line":78,"column":19},"end":{"line":78,"column":52}},"type":"binary-expr","locations":[{"start":{"line":78,"column":19},"end":{"line":78,"column":39}},{"start":{"line":78,"column":43},"end":{"line":78,"column":52}}]},"5":{"loc":{"start":{"line":81,"column":4},"end":{"line":87,"column":5}},"type":"if","locations":[{"start":{"line":81,"column":4},"end":{"line":87,"column":5}},{"start":{"line":85,"column":11},"end":{"line":87,"column":5}}]},"6":{"loc":{"start":{"line":102,"column":7},"end":{"line":103,"column":null}},"type":"binary-expr","locations":[{"start":{"line":102,"column":7},"end":{"line":102,"column":23}},{"start":{"line":103,"column":8},"end":{"line":103,"column":71}}]},"7":{"loc":{"start":{"line":113,"column":8},"end":{"line":113,"column":68}},"type":"binary-expr","locations":[{"start":{"line":113,"column":8},"end":{"line":113,"column":37}},{"start":{"line":113,"column":41},"end":{"line":113,"column":68}}]},"8":{"loc":{"start":{"line":119,"column":8},"end":{"line":119,"column":72}},"type":"binary-expr","locations":[{"start":{"line":119,"column":8},"end":{"line":119,"column":37}},{"start":{"line":119,"column":41},"end":{"line":119,"column":72}}]},"9":{"loc":{"start":{"line":126,"column":2},"end":{"line":132,"column":3}},"type":"if","locations":[{"start":{"line":126,"column":2},"end":{"line":132,"column":3}}]},"10":{"loc":{"start":{"line":149,"column":7},"end":{"line":162,"column":null}},"type":"binary-expr","locations":[{"start":{"line":149,"column":7},"end":{"line":149,"column":16}},{"start":{"line":150,"column":8},"end":{"line":161,"column":null}}]},"11":{"loc":{"start":{"line":187,"column":39},"end":{"line":187,"column":81}},"type":"binary-expr","locations":[{"start":{"line":187,"column":39},"end":{"line":187,"column":58}},{"start":{"line":187,"column":62},"end":{"line":187,"column":81}}]},"12":{"loc":{"start":{"line":193,"column":39},"end":{"line":193,"column":80}},"type":"binary-expr","locations":[{"start":{"line":193,"column":39},"end":{"line":193,"column":57}},{"start":{"line":193,"column":61},"end":{"line":193,"column":80}}]},"13":{"loc":{"start":{"line":201,"column":7},"end":{"line":215,"column":null}},"type":"cond-expr","locations":[{"start":{"line":202,"column":8},"end":{"line":207,"column":null}},{"start":{"line":210,"column":8},"end":{"line":214,"column":null}}]},"14":{"loc":{"start":{"line":235,"column":13},"end":{"line":257,"column":null}},"type":"binary-expr","locations":[{"start":{"line":235,"column":13},"end":{"line":235,"column":26}},{"start":{"line":236,"column":14},"end":{"line":256,"column":null}}]},"15":{"loc":{"start":{"line":242,"column":17},"end":{"line":243,"column":null}},"type":"binary-expr","locations":[{"start":{"line":242,"column":17},"end":{"line":242,"column":42}},{"start":{"line":243,"column":18},"end":{"line":243,"column":90}}]},"16":{"loc":{"start":{"line":245,"column":17},"end":{"line":248,"column":null}},"type":"binary-expr","locations":[{"start":{"line":245,"column":17},"end":{"line":245,"column":42}},{"start":{"line":246,"column":18},"end":{"line":247,"column":null}}]}},"s":{"0":1,"1":1,"2":1,"3":1,"4":1,"5":0,"6":0,"7":0,"8":0,"9":0,"10":0,"11":0,"12":0,"13":0,"14":0,"15":0,"16":0,"17":0,"18":0,"19":0,"20":0,"21":0,"22":0,"23":0,"24":0,"25":0,"26":0,"27":0,"28":0,"29":0,"30":0,"31":0,"32":0,"33":0,"34":0,"35":0,"36":0,"37":0,"38":0,"39":0,"40":0,"41":0,"42":0,"43":0,"44":0,"45":0,"46":0,"47":0,"48":0,"49":0,"50":0,"51":0,"52":0,"53":0,"54":0,"55":0,"56":0,"57":0,"58":0,"59":0,"60":0,"61":0,"62":0,"63":0,"64":0,"65":0,"66":0,"67":0,"68":0,"69":1},"f":{"0":0,"1":0,"2":0,"3":0,"4":0,"5":0,"6":0,"7":0,"8":0,"9":0,"10":0,"11":0,"12":0,"13":0,"14":0,"15":0,"16":0,"17":0,"18":0,"19":0,"20":0,"21":0,"22":0},"b":{"0":[0],"1":[0],"2":[0],"3":[0,0],"4":[0,0],"5":[0,0],"6":[0,0],"7":[0,0],"8":[0,0],"9":[0],"10":[0,0],"11":[0,0],"12":[0,0],"13":[0,0],"14":[0,0],"15":[0,0],"16":[0,0]}}
,"/Users/paul/Documents/GitHub/MoPsJapan/src/screens/services/ItineraryScreenService.ts": {"path":"/Users/paul/Documents/GitHub/MoPsJapan/src/screens/services/ItineraryScreenService.ts","statementMap":{"0":{"start":{"line":1,"column":0},"end":{"line":1,"column":65}},"1":{"start":{"line":23,"column":4},"end":{"line":23,"column":40}},"2":{"start":{"line":28,"column":31},"end":{"line":28,"column":49}},"3":{"start":{"line":29,"column":17},"end":{"line":29,"column":77}},"4":{"start":{"line":30,"column":4},"end":{"line":34,"column":7}},"5":{"start":{"line":38,"column":19},"end":{"line":44,"column":6}},"6":{"start":{"line":45,"column":4},"end":{"line":45,"column":60}},"7":{"start":{"line":49,"column":4},"end":{"line":51,"column":5}},"8":{"start":{"line":50,"column":6},"end":{"line":50,"column":18}},"9":{"start":{"line":52,"column":4},"end":{"line":52,"column":55}},"10":{"start":{"line":56,"column":4},"end":{"line":58,"column":5}},"11":{"start":{"line":57,"column":6},"end":{"line":57,"column":16}},"12":{"start":{"line":60,"column":4},"end":{"line":60,"column":55}},"13":{"start":{"line":64,"column":4},"end":{"line":69,"column":5}},"14":{"start":{"line":65,"column":6},"end":{"line":65,"column":55}},"15":{"start":{"line":67,"column":6},"end":{"line":67,"column":77}},"16":{"start":{"line":68,"column":6},"end":{"line":68,"column":16}},"17":{"start":{"line":73,"column":29},"end":{"line":73,"column":31}},"18":{"start":{"line":75,"column":4},"end":{"line":104,"column":5}},"19":{"start":{"line":77,"column":24},"end":{"line":77,"column":45}},"20":{"start":{"line":78,"column":6},"end":{"line":80,"column":7}},"21":{"start":{"line":79,"column":8},"end":{"line":79,"column":56}},"22":{"start":{"line":83,"column":6},"end":{"line":86,"column":7}},"23":{"start":{"line":84,"column":8},"end":{"line":84,"column":70}},"24":{"start":{"line":85,"column":8},"end":{"line":85,"column":17}},"25":{"start":{"line":89,"column":6},"end":{"line":103,"column":7}},"26":{"start":{"line":89,"column":19},"end":{"line":89,"column":20}},"27":{"start":{"line":90,"column":22},"end":{"line":90,"column":36}},"28":{"start":{"line":92,"column":8},"end":{"line":94,"column":9}},"29":{"start":{"line":93,"column":10},"end":{"line":93,"column":82}},"30":{"start":{"line":96,"column":8},"end":{"line":98,"column":9}},"31":{"start":{"line":97,"column":10},"end":{"line":97,"column":75}},"32":{"start":{"line":100,"column":8},"end":{"line":102,"column":9}},"33":{"start":{"line":101,"column":10},"end":{"line":101,"column":75}},"34":{"start":{"line":106,"column":4},"end":{"line":109,"column":6}},"35":{"start":{"line":113,"column":4},"end":{"line":113,"column":28}},"36":{"start":{"line":117,"column":4},"end":{"line":117,"column":75}},"37":{"start":{"line":117,"column":44},"end":{"line":117,"column":70}},"38":{"start":{"line":121,"column":86},"end":{"line":121,"column":88}},"39":{"start":{"line":123,"column":4},"end":{"line":129,"column":5}},"40":{"start":{"line":124,"column":6},"end":{"line":128,"column":7}},"41":{"start":{"line":125,"column":8},"end":{"line":127,"column":9}},"42":{"start":{"line":126,"column":10},"end":{"line":126,"column":57}},"43":{"start":{"line":131,"column":4},"end":{"line":131,"column":27}},"44":{"start":{"line":135,"column":29},"end":{"line":135,"column":43}},"45":{"start":{"line":138,"column":21},"end":{"line":138,"column":76}},"46":{"start":{"line":138,"column":55},"end":{"line":138,"column":75}},"47":{"start":{"line":140,"column":4},"end":{"line":156,"column":5}},"48":{"start":{"line":142,"column":6},"end":{"line":145,"column":8}},"49":{"start":{"line":148,"column":34},"end":{"line":151,"column":8}},"50":{"start":{"line":152,"column":6},"end":{"line":152,"column":36}},"51":{"start":{"line":155,"column":6},"end":{"line":155,"column":68}},"52":{"start":{"line":155,"column":38},"end":{"line":155,"column":66}},"53":{"start":{"line":158,"column":4},"end":{"line":158,"column":28}},"54":{"start":{"line":162,"column":29},"end":{"line":162,"column":43}},"55":{"start":{"line":164,"column":21},"end":{"line":164,"column":76}},"56":{"start":{"line":164,"column":55},"end":{"line":164,"column":75}},"57":{"start":{"line":166,"column":4},"end":{"line":174,"column":5}},"58":{"start":{"line":167,"column":29},"end":{"line":167,"column":68}},"59":{"start":{"line":168,"column":6},"end":{"line":168,"column":48}},"60":{"start":{"line":170,"column":6},"end":{"line":173,"column":8}},"61":{"start":{"line":176,"column":4},"end":{"line":176,"column":28}},"62":{"start":{"line":180,"column":29},"end":{"line":180,"column":43}},"63":{"start":{"line":182,"column":21},"end":{"line":182,"column":76}},"64":{"start":{"line":182,"column":55},"end":{"line":182,"column":75}},"65":{"start":{"line":184,"column":4},"end":{"line":192,"column":5}},"66":{"start":{"line":185,"column":29},"end":{"line":185,"column":68}},"67":{"start":{"line":186,"column":6},"end":{"line":186,"column":43}},"68":{"start":{"line":188,"column":6},"end":{"line":191,"column":8}},"69":{"start":{"line":194,"column":4},"end":{"line":194,"column":28}},"70":{"start":{"line":198,"column":29},"end":{"line":198,"column":43}},"71":{"start":{"line":201,"column":29},"end":{"line":201,"column":84}},"72":{"start":{"line":201,"column":63},"end":{"line":201,"column":83}},"73":{"start":{"line":203,"column":4},"end":{"line":205,"column":5}},"74":{"start":{"line":204,"column":6},"end":{"line":204,"column":30}},"75":{"start":{"line":207,"column":32},"end":{"line":210,"column":6}},"76":{"start":{"line":212,"column":4},"end":{"line":212,"column":34}},"77":{"start":{"line":215,"column":4},"end":{"line":215,"column":66}},"78":{"start":{"line":215,"column":36},"end":{"line":215,"column":64}},"79":{"start":{"line":217,"column":4},"end":{"line":217,"column":28}},"80":{"start":{"line":19,"column":0},"end":{"line":19,"column":13}}},"fnMap":{"0":{"name":"(anonymous_0)","decl":{"start":{"line":22,"column":2},"end":{"line":22,"column":null}},"loc":{"start":{"line":22,"column":2},"end":{"line":24,"column":3}}},"1":{"name":"(anonymous_1)","decl":{"start":{"line":26,"column":2},"end":{"line":26,"column":12}},"loc":{"start":{"line":26,"column":28},"end":{"line":35,"column":3}}},"2":{"name":"(anonymous_2)","decl":{"start":{"line":37,"column":2},"end":{"line":37,"column":19}},"loc":{"start":{"line":37,"column":32},"end":{"line":46,"column":3}}},"3":{"name":"(anonymous_3)","decl":{"start":{"line":48,"column":2},"end":{"line":48,"column":14}},"loc":{"start":{"line":48,"column":46},"end":{"line":53,"column":3}}},"4":{"name":"(anonymous_4)","decl":{"start":{"line":55,"column":2},"end":{"line":55,"column":7}},"loc":{"start":{"line":55,"column":46},"end":{"line":61,"column":3}}},"5":{"name":"(anonymous_5)","decl":{"start":{"line":63,"column":2},"end":{"line":63,"column":7}},"loc":{"start":{"line":63,"column":38},"end":{"line":70,"column":3}}},"6":{"name":"(anonymous_6)","decl":{"start":{"line":72,"column":2},"end":{"line":72,"column":23}},"loc":{"start":{"line":72,"column":48},"end":{"line":110,"column":3}}},"7":{"name":"(anonymous_7)","decl":{"start":{"line":112,"column":2},"end":{"line":112,"column":13}},"loc":{"start":{"line":112,"column":38},"end":{"line":114,"column":3}}},"8":{"name":"(anonymous_8)","decl":{"start":{"line":116,"column":2},"end":{"line":116,"column":15}},"loc":{"start":{"line":116,"column":40},"end":{"line":118,"column":3}}},"9":{"name":"(anonymous_9)","decl":{"start":{"line":117,"column":28},"end":{"line":117,"column":29}},"loc":{"start":{"line":117,"column":44},"end":{"line":117,"column":70}}},"10":{"name":"(anonymous_10)","decl":{"start":{"line":120,"column":2},"end":{"line":120,"column":18}},"loc":{"start":{"line":120,"column":57},"end":{"line":132,"column":3}}},"11":{"name":"(anonymous_11)","decl":{"start":{"line":134,"column":2},"end":{"line":134,"column":10}},"loc":{"start":{"line":134,"column":89},"end":{"line":159,"column":3}}},"12":{"name":"(anonymous_12)","decl":{"start":{"line":138,"column":48},"end":{"line":138,"column":51}},"loc":{"start":{"line":138,"column":55},"end":{"line":138,"column":75}}},"13":{"name":"(anonymous_13)","decl":{"start":{"line":155,"column":28},"end":{"line":155,"column":29}},"loc":{"start":{"line":155,"column":38},"end":{"line":155,"column":66}}},"14":{"name":"(anonymous_14)","decl":{"start":{"line":161,"column":2},"end":{"line":161,"column":13}},"loc":{"start":{"line":161,"column":116},"end":{"line":177,"column":3}}},"15":{"name":"(anonymous_15)","decl":{"start":{"line":164,"column":48},"end":{"line":164,"column":51}},"loc":{"start":{"line":164,"column":55},"end":{"line":164,"column":75}}},"16":{"name":"(anonymous_16)","decl":{"start":{"line":179,"column":2},"end":{"line":179,"column":13}},"loc":{"start":{"line":179,"column":75},"end":{"line":195,"column":3}}},"17":{"name":"(anonymous_17)","decl":{"start":{"line":182,"column":48},"end":{"line":182,"column":51}},"loc":{"start":{"line":182,"column":55},"end":{"line":182,"column":75}}},"18":{"name":"(anonymous_18)","decl":{"start":{"line":197,"column":2},"end":{"line":197,"column":8}},"loc":{"start":{"line":197,"column":50},"end":{"line":218,"column":3}}},"19":{"name":"(anonymous_19)","decl":{"start":{"line":201,"column":56},"end":{"line":201,"column":59}},"loc":{"start":{"line":201,"column":63},"end":{"line":201,"column":83}}},"20":{"name":"(anonymous_20)","decl":{"start":{"line":215,"column":26},"end":{"line":215,"column":27}},"loc":{"start":{"line":215,"column":36},"end":{"line":215,"column":64}}}},"branchMap":{"0":{"loc":{"start":{"line":45,"column":11},"end":{"line":45,"column":59}},"type":"binary-expr","locations":[{"start":{"line":45,"column":11},"end":{"line":45,"column":46}},{"start":{"line":45,"column":50},"end":{"line":45,"column":59}}]},"1":{"loc":{"start":{"line":49,"column":4},"end":{"line":51,"column":5}},"type":"if","locations":[{"start":{"line":49,"column":4},"end":{"line":51,"column":5}}]},"2":{"loc":{"start":{"line":56,"column":4},"end":{"line":58,"column":5}},"type":"if","locations":[{"start":{"line":56,"column":4},"end":{"line":58,"column":5}}]},"3":{"loc":{"start":{"line":78,"column":6},"end":{"line":80,"column":7}},"type":"if","locations":[{"start":{"line":78,"column":6},"end":{"line":80,"column":7}}]},"4":{"loc":{"start":{"line":83,"column":6},"end":{"line":86,"column":7}},"type":"if","locations":[{"start":{"line":83,"column":6},"end":{"line":86,"column":7}}]},"5":{"loc":{"start":{"line":92,"column":8},"end":{"line":94,"column":9}},"type":"if","locations":[{"start":{"line":92,"column":8},"end":{"line":94,"column":9}}]},"6":{"loc":{"start":{"line":92,"column":12},"end":{"line":92,"column":71}},"type":"binary-expr","locations":[{"start":{"line":92,"column":12},"end":{"line":92,"column":30}},{"start":{"line":92,"column":34},"end":{"line":92,"column":71}}]},"7":{"loc":{"start":{"line":96,"column":8},"end":{"line":98,"column":9}},"type":"if","locations":[{"start":{"line":96,"column":8},"end":{"line":98,"column":9}}]},"8":{"loc":{"start":{"line":96,"column":12},"end":{"line":96,"column":57}},"type":"binary-expr","locations":[{"start":{"line":96,"column":12},"end":{"line":96,"column":23}},{"start":{"line":96,"column":27},"end":{"line":96,"column":57}}]},"9":{"loc":{"start":{"line":100,"column":8},"end":{"line":102,"column":9}},"type":"if","locations":[{"start":{"line":100,"column":8},"end":{"line":102,"column":9}}]},"10":{"loc":{"start":{"line":100,"column":12},"end":{"line":100,"column":65}},"type":"binary-expr","locations":[{"start":{"line":100,"column":12},"end":{"line":100,"column":31}},{"start":{"line":100,"column":35},"end":{"line":100,"column":65}}]},"11":{"loc":{"start":{"line":125,"column":8},"end":{"line":127,"column":9}},"type":"if","locations":[{"start":{"line":125,"column":8},"end":{"line":127,"column":9}}]},"12":{"loc":{"start":{"line":140,"column":4},"end":{"line":156,"column":5}},"type":"if","locations":[{"start":{"line":140,"column":4},"end":{"line":156,"column":5}},{"start":{"line":146,"column":11},"end":{"line":156,"column":5}}]},"13":{"loc":{"start":{"line":166,"column":4},"end":{"line":174,"column":5}},"type":"if","locations":[{"start":{"line":166,"column":4},"end":{"line":174,"column":5}}]},"14":{"loc":{"start":{"line":166,"column":8},"end":{"line":166,"column":79}},"type":"binary-expr","locations":[{"start":{"line":166,"column":8},"end":{"line":166,"column":21}},{"start":{"line":166,"column":25},"end":{"line":166,"column":79}}]},"15":{"loc":{"start":{"line":184,"column":4},"end":{"line":192,"column":5}},"type":"if","locations":[{"start":{"line":184,"column":4},"end":{"line":192,"column":5}}]},"16":{"loc":{"start":{"line":184,"column":8},"end":{"line":184,"column":79}},"type":"binary-expr","locations":[{"start":{"line":184,"column":8},"end":{"line":184,"column":21}},{"start":{"line":184,"column":25},"end":{"line":184,"column":79}}]},"17":{"loc":{"start":{"line":203,"column":4},"end":{"line":205,"column":5}},"type":"if","locations":[{"start":{"line":203,"column":4},"end":{"line":205,"column":5}}]}},"s":{"0":2,"1":24,"2":4,"3":4,"4":4,"5":9,"6":9,"7":3,"8":2,"9":1,"10":2,"11":1,"12":1,"13":5,"14":5,"15":1,"16":1,"17":3,"18":3,"19":8,"20":8,"21":1,"22":8,"23":0,"24":0,"25":8,"26":8,"27":13,"28":13,"29":0,"30":13,"31":0,"32":13,"33":0,"34":3,"35":0,"36":0,"37":0,"38":0,"39":0,"40":0,"41":0,"42":0,"43":0,"44":2,"45":2,"46":2,"47":2,"48":1,"49":1,"50":1,"51":1,"52":1,"53":2,"54":2,"55":2,"56":2,"57":2,"58":1,"59":1,"60":1,"61":2,"62":2,"63":2,"64":2,"65":2,"66":1,"67":1,"68":1,"69":2,"70":2,"71":2,"72":2,"73":2,"74":0,"75":2,"76":2,"77":2,"78":2,"79":2,"80":2},"f":{"0":24,"1":4,"2":9,"3":3,"4":2,"5":5,"6":3,"7":0,"8":0,"9":0,"10":0,"11":2,"12":2,"13":1,"14":2,"15":2,"16":2,"17":2,"18":2,"19":2,"20":2},"b":{"0":[9,2],"1":[2],"2":[1],"3":[1],"4":[0],"5":[0],"6":[13,13],"7":[0],"8":[13,13],"9":[0],"10":[13,3],"11":[0],"12":[1,1],"13":[1],"14":[2,2],"15":[1],"16":[2,2],"17":[0]}}
,"/Users/paul/Documents/GitHub/MoPsJapan/src/screens/services/MapScreenService.ts": {"path":"/Users/paul/Documents/GitHub/MoPsJapan/src/screens/services/MapScreenService.ts","statementMap":{"0":{"start":{"line":2,"column":0},"end":{"line":2,"column":75}},"1":{"start":{"line":5,"column":0},"end":{"line":5,"column":126}},"2":{"start":{"line":66,"column":42},"end":{"line":69,"column":4}},"3":{"start":{"line":72,"column":4},"end":{"line":72,"column":43}},"4":{"start":{"line":73,"column":4},"end":{"line":73,"column":67}},"5":{"start":{"line":74,"column":4},"end":{"line":74,"column":35}},"6":{"start":{"line":75,"column":4},"end":{"line":75,"column":37}},"7":{"start":{"line":76,"column":4},"end":{"line":76,"column":53}},"8":{"start":{"line":80,"column":4},"end":{"line":143,"column":7}},"9":{"start":{"line":81,"column":6},"end":{"line":87,"column":7}},"10":{"start":{"line":82,"column":8},"end":{"line":85,"column":11}},"11":{"start":{"line":86,"column":8},"end":{"line":86,"column":15}},"12":{"start":{"line":89,"column":6},"end":{"line":142,"column":8}},"13":{"start":{"line":91,"column":42},"end":{"line":91,"column":57}},"14":{"start":{"line":94,"column":29},"end":{"line":94,"column":90}},"15":{"start":{"line":95,"column":10},"end":{"line":101,"column":11}},"16":{"start":{"line":96,"column":12},"end":{"line":99,"column":15}},"17":{"start":{"line":100,"column":12},"end":{"line":100,"column":19}},"18":{"start":{"line":104,"column":10},"end":{"line":110,"column":11}},"19":{"start":{"line":105,"column":12},"end":{"line":108,"column":15}},"20":{"start":{"line":109,"column":12},"end":{"line":109,"column":19}},"21":{"start":{"line":112,"column":10},"end":{"line":115,"column":13}},"22":{"start":{"line":118,"column":29},"end":{"line":118,"column":53}},"23":{"start":{"line":120,"column":10},"end":{"line":130,"column":11}},"24":{"start":{"line":122,"column":14},"end":{"line":122,"column":58}},"25":{"start":{"line":123,"column":14},"end":{"line":123,"column":20}},"26":{"start":{"line":125,"column":14},"end":{"line":125,"column":52}},"27":{"start":{"line":126,"column":14},"end":{"line":126,"column":20}},"28":{"start":{"line":128,"column":14},"end":{"line":128,"column":56}},"29":{"start":{"line":129,"column":14},"end":{"line":129,"column":20}},"30":{"start":{"line":132,"column":10},"end":{"line":135,"column":13}},"31":{"start":{"line":147,"column":4},"end":{"line":153,"column":8}},"32":{"start":{"line":147,"column":91},"end":{"line":153,"column":6}},"33":{"start":{"line":157,"column":21},"end":{"line":157,"column":57}},"34":{"start":{"line":159,"column":4},"end":{"line":164,"column":6}},"35":{"start":{"line":168,"column":4},"end":{"line":168,"column":61}},"36":{"start":{"line":172,"column":4},"end":{"line":174,"column":5}},"37":{"start":{"line":173,"column":6},"end":{"line":173,"column":44}},"38":{"start":{"line":176,"column":4},"end":{"line":178,"column":34}},"39":{"start":{"line":177,"column":22},"end":{"line":177,"column":34}},"40":{"start":{"line":178,"column":19},"end":{"line":178,"column":32}},"41":{"start":{"line":183,"column":24},"end":{"line":188,"column":6}},"42":{"start":{"line":190,"column":4},"end":{"line":195,"column":6}},"43":{"start":{"line":199,"column":4},"end":{"line":206,"column":5}},"44":{"start":{"line":200,"column":6},"end":{"line":205,"column":8}},"45":{"start":{"line":208,"column":4},"end":{"line":218,"column":5}},"46":{"start":{"line":209,"column":21},"end":{"line":209,"column":73}},"47":{"start":{"line":210,"column":6},"end":{"line":210,"column":20}},"48":{"start":{"line":212,"column":6},"end":{"line":217,"column":8}},"49":{"start":{"line":222,"column":27},"end":{"line":222,"column":74}},"50":{"start":{"line":224,"column":52},"end":{"line":224,"column":54}},"51":{"start":{"line":226,"column":4},"end":{"line":234,"column":5}},"52":{"start":{"line":227,"column":21},"end":{"line":227,"column":62}},"53":{"start":{"line":228,"column":6},"end":{"line":233,"column":9}},"54":{"start":{"line":236,"column":4},"end":{"line":236,"column":30}},"55":{"start":{"line":240,"column":4},"end":{"line":242,"column":5}},"56":{"start":{"line":241,"column":6},"end":{"line":241,"column":16}},"57":{"start":{"line":244,"column":4},"end":{"line":249,"column":5}},"58":{"start":{"line":245,"column":22},"end":{"line":245,"column":87}},"59":{"start":{"line":246,"column":6},"end":{"line":246,"column":21}},"60":{"start":{"line":248,"column":6},"end":{"line":248,"column":16}},"61":{"start":{"line":253,"column":40},"end":{"line":253,"column":42}},"62":{"start":{"line":255,"column":4},"end":{"line":257,"column":5}},"63":{"start":{"line":256,"column":6},"end":{"line":256,"column":24}},"64":{"start":{"line":260,"column":25},"end":{"line":260,"column":42}},"65":{"start":{"line":261,"column":4},"end":{"line":265,"column":7}},"66":{"start":{"line":268,"column":4},"end":{"line":290,"column":5}},"67":{"start":{"line":268,"column":17},"end":{"line":268,"column":18}},"68":{"start":{"line":269,"column":22},"end":{"line":269,"column":39}},"69":{"start":{"line":272,"column":6},"end":{"line":279,"column":9}},"70":{"start":{"line":282,"column":6},"end":{"line":289,"column":7}},"71":{"start":{"line":283,"column":28},"end":{"line":283,"column":49}},"72":{"start":{"line":284,"column":8},"end":{"line":288,"column":11}},"73":{"start":{"line":293,"column":24},"end":{"line":293,"column":65}},"74":{"start":{"line":294,"column":4},"end":{"line":298,"column":7}},"75":{"start":{"line":300,"column":4},"end":{"line":300,"column":22}},"76":{"start":{"line":304,"column":4},"end":{"line":356,"column":5}},"77":{"start":{"line":306,"column":27},"end":{"line":306,"column":76}},"78":{"start":{"line":308,"column":6},"end":{"line":342,"column":7}},"79":{"start":{"line":310,"column":41},"end":{"line":315,"column":10}},"80":{"start":{"line":317,"column":31},"end":{"line":317,"column":85}},"81":{"start":{"line":319,"column":8},"end":{"line":341,"column":9}},"82":{"start":{"line":321,"column":58},"end":{"line":333,"column":13}},"83":{"start":{"line":321,"column":94},"end":{"line":333,"column":12}},"84":{"start":{"line":335,"column":10},"end":{"line":340,"column":12}},"85":{"start":{"line":345,"column":6},"end":{"line":349,"column":8}},"86":{"start":{"line":351,"column":6},"end":{"line":355,"column":8}},"87":{"start":{"line":60,"column":0},"end":{"line":60,"column":13}}},"fnMap":{"0":{"name":"(anonymous_0)","decl":{"start":{"line":71,"column":2},"end":{"line":71,"column":14}},"loc":{"start":{"line":71,"column":118},"end":{"line":77,"column":3}}},"1":{"name":"(anonymous_1)","decl":{"start":{"line":79,"column":2},"end":{"line":79,"column":7}},"loc":{"start":{"line":79,"column":23},"end":{"line":144,"column":3}}},"2":{"name":"(anonymous_2)","decl":{"start":{"line":80,"column":23},"end":{"line":80,"column":24}},"loc":{"start":{"line":80,"column":35},"end":{"line":143,"column":5}}},"3":{"name":"(anonymous_3)","decl":{"start":{"line":90,"column":8},"end":{"line":90,"column":9}},"loc":{"start":{"line":90,"column":21},"end":{"line":116,"column":9}}},"4":{"name":"(anonymous_4)","decl":{"start":{"line":117,"column":8},"end":{"line":117,"column":9}},"loc":{"start":{"line":117,"column":18},"end":{"line":136,"column":9}}},"5":{"name":"(anonymous_5)","decl":{"start":{"line":146,"column":2},"end":{"line":146,"column":20}},"loc":{"start":{"line":146,"column":71},"end":{"line":154,"column":3}}},"6":{"name":"(anonymous_6)","decl":{"start":{"line":147,"column":79},"end":{"line":147,"column":86}},"loc":{"start":{"line":147,"column":91},"end":{"line":153,"column":6}}},"7":{"name":"(anonymous_7)","decl":{"start":{"line":156,"column":2},"end":{"line":156,"column":14}},"loc":{"start":{"line":156,"column":42},"end":{"line":165,"column":3}}},"8":{"name":"(anonymous_8)","decl":{"start":{"line":167,"column":2},"end":{"line":167,"column":26}},"loc":{"start":{"line":167,"column":62},"end":{"line":169,"column":3}}},"9":{"name":"(anonymous_9)","decl":{"start":{"line":171,"column":2},"end":{"line":171,"column":29}},"loc":{"start":{"line":171,"column":29},"end":{"line":179,"column":3}}},"10":{"name":"(anonymous_10)","decl":{"start":{"line":177,"column":12},"end":{"line":177,"column":18}},"loc":{"start":{"line":177,"column":22},"end":{"line":177,"column":34}}},"11":{"name":"(anonymous_11)","decl":{"start":{"line":178,"column":13},"end":{"line":178,"column":16}},"loc":{"start":{"line":178,"column":19},"end":{"line":178,"column":32}}},"12":{"name":"(anonymous_12)","decl":{"start":{"line":181,"column":2},"end":{"line":181,"column":23}},"loc":{"start":{"line":181,"column":46},"end":{"line":196,"column":3}}},"13":{"name":"(anonymous_13)","decl":{"start":{"line":198,"column":2},"end":{"line":198,"column":7}},"loc":{"start":{"line":198,"column":44},"end":{"line":219,"column":3}}},"14":{"name":"(anonymous_14)","decl":{"start":{"line":221,"column":2},"end":{"line":221,"column":7}},"loc":{"start":{"line":221,"column":86},"end":{"line":237,"column":3}}},"15":{"name":"(anonymous_15)","decl":{"start":{"line":239,"column":2},"end":{"line":239,"column":7}},"loc":{"start":{"line":239,"column":76},"end":{"line":250,"column":3}}},"16":{"name":"(anonymous_16)","decl":{"start":{"line":252,"column":2},"end":{"line":252,"column":7}},"loc":{"start":{"line":252,"column":34},"end":{"line":301,"column":3}}},"17":{"name":"(anonymous_17)","decl":{"start":{"line":303,"column":2},"end":{"line":303,"column":7}},"loc":{"start":{"line":303,"column":88},"end":{"line":357,"column":3}}},"18":{"name":"(anonymous_18)","decl":{"start":{"line":321,"column":82},"end":{"line":321,"column":89}},"loc":{"start":{"line":321,"column":94},"end":{"line":333,"column":12}}}},"branchMap":{"0":{"loc":{"start":{"line":81,"column":6},"end":{"line":87,"column":7}},"type":"if","locations":[{"start":{"line":81,"column":6},"end":{"line":87,"column":7}}]},"1":{"loc":{"start":{"line":95,"column":10},"end":{"line":101,"column":11}},"type":"if","locations":[{"start":{"line":95,"column":10},"end":{"line":101,"column":11}}]},"2":{"loc":{"start":{"line":104,"column":10},"end":{"line":110,"column":11}},"type":"if","locations":[{"start":{"line":104,"column":10},"end":{"line":110,"column":11}}]},"3":{"loc":{"start":{"line":120,"column":10},"end":{"line":130,"column":11}},"type":"switch","locations":[{"start":{"line":121,"column":12},"end":{"line":123,"column":20}},{"start":{"line":124,"column":12},"end":{"line":126,"column":20}},{"start":{"line":127,"column":12},"end":{"line":129,"column":20}}]},"4":{"loc":{"start":{"line":146,"column":49},"end":{"line":146,"column":71}},"type":"default-arg","locations":[{"start":{"line":146,"column":68},"end":{"line":146,"column":71}}]},"5":{"loc":{"start":{"line":157,"column":21},"end":{"line":157,"column":57}},"type":"binary-expr","locations":[{"start":{"line":157,"column":21},"end":{"line":157,"column":33}},{"start":{"line":157,"column":37},"end":{"line":157,"column":57}}]},"6":{"loc":{"start":{"line":172,"column":4},"end":{"line":174,"column":5}},"type":"if","locations":[{"start":{"line":172,"column":4},"end":{"line":174,"column":5}}]},"7":{"loc":{"start":{"line":191,"column":6},"end":{"line":194,"column":44}},"type":"binary-expr","locations":[{"start":{"line":191,"column":6},"end":{"line":191,"column":44}},{"start":{"line":192,"column":6},"end":{"line":192,"column":44}},{"start":{"line":193,"column":6},"end":{"line":193,"column":44}},{"start":{"line":194,"column":6},"end":{"line":194,"column":44}}]},"8":{"loc":{"start":{"line":199,"column":4},"end":{"line":206,"column":5}},"type":"if","locations":[{"start":{"line":199,"column":4},"end":{"line":206,"column":5}}]},"9":{"loc":{"start":{"line":221,"column":64},"end":{"line":221,"column":86}},"type":"default-arg","locations":[{"start":{"line":221,"column":83},"end":{"line":221,"column":86}}]},"10":{"loc":{"start":{"line":240,"column":4},"end":{"line":242,"column":5}},"type":"if","locations":[{"start":{"line":240,"column":4},"end":{"line":242,"column":5}}]},"11":{"loc":{"start":{"line":255,"column":4},"end":{"line":257,"column":5}},"type":"if","locations":[{"start":{"line":255,"column":4},"end":{"line":257,"column":5}}]},"12":{"loc":{"start":{"line":282,"column":6},"end":{"line":289,"column":7}},"type":"if","
[...]
nd":{"line":247,"column":13}},"66":{"start":{"line":249,"column":6},"end":{"line":254,"column":8}},"67":{"start":{"line":256,"column":6},"end":{"line":261,"column":8}},"68":{"start":{"line":267,"column":4},"end":{"line":270,"column":5}},"69":{"start":{"line":268,"column":20},"end":{"line":268,"column":40}},"70":{"start":{"line":269,"column":6},"end":{"line":269,"column":37}},"71":{"start":{"line":271,"column":4},"end":{"line":271,"column":21}},"72":{"start":{"line":276,"column":4},"end":{"line":278,"column":5}},"73":{"start":{"line":277,"column":6},"end":{"line":277,"column":57}},"74":{"start":{"line":279,"column":4},"end":{"line":279,"column":21}},"75":{"start":{"line":283,"column":4},"end":{"line":302,"column":5}},"76":{"start":{"line":284,"column":23},"end":{"line":284,"column":39}},"77":{"start":{"line":287,"column":6},"end":{"line":290,"column":7}},"78":{"start":{"line":288,"column":8},"end":{"line":288,"column":60}},"79":{"start":{"line":289,"column":8},"end":{"line":289,"column":53}},"80":{"start":{"line":292,"column":6},"end":{"line":292,"column":22}},"81":{"start":{"line":295,"column":6},"end":{"line":298,"column":7}},"82":{"start":{"line":296,"column":8},"end":{"line":296,"column":60}},"83":{"start":{"line":297,"column":8},"end":{"line":297,"column":53}},"84":{"start":{"line":301,"column":6},"end":{"line":301,"column":18}},"85":{"start":{"line":306,"column":4},"end":{"line":306,"column":59}},"86":{"start":{"line":306,"column":34},"end":{"line":306,"column":57}},"87":{"start":{"line":310,"column":19},"end":{"line":310,"column":38}},"88":{"start":{"line":311,"column":4},"end":{"line":313,"column":5}},"89":{"start":{"line":312,"column":6},"end":{"line":312,"column":25}},"90":{"start":{"line":314,"column":4},"end":{"line":314,"column":16}},"91":{"start":{"line":318,"column":4},"end":{"line":318,"column":57}},"92":{"start":{"line":322,"column":4},"end":{"line":329,"column":8}},"93":{"start":{"line":322,"column":33},"end":{"line":329,"column":6}},"94":{"start":{"line":333,"column":23},"end":{"line":337,"column":13}},"95":{"start":{"line":333,"column":88},"end":{"line":337,"column":6}},"96":{"start":{"line":335,"column":79},"end":{"line":335,"column":108}},"97":{"start":{"line":339,"column":4},"end":{"line":343,"column":6}},"98":{"start":{"line":347,"column":4},"end":{"line":353,"column":6}},"99":{"start":{"line":357,"column":4},"end":{"line":363,"column":8}},"100":{"start":{"line":357,"column":35},"end":{"line":363,"column":6}},"101":{"start":{"line":367,"column":4},"end":{"line":367,"column":32}},"102":{"start":{"line":367,"column":22},"end":{"line":367,"column":32}},"103":{"start":{"line":369,"column":18},"end":{"line":369,"column":40}},"104":{"start":{"line":370,"column":4},"end":{"line":370,"column":50}},"105":{"start":{"line":374,"column":4},"end":{"line":374,"column":29}},"106":{"start":{"line":374,"column":19},"end":{"line":374,"column":29}},"107":{"start":{"line":376,"column":18},"end":{"line":376,"column":37}},"108":{"start":{"line":377,"column":4},"end":{"line":377,"column":47}},"109":{"start":{"line":53,"column":0},"end":{"line":53,"column":13}}},"fnMap":{"0":{"name":"(anonymous_0)","decl":{"start":{"line":61,"column":2},"end":{"line":61,"column":7}},"loc":{"start":{"line":61,"column":61},"end":{"line":108,"column":3}}},"1":{"name":"(anonymous_1)","decl":{"start":{"line":110,"column":2},"end":{"line":110,"column":7}},"loc":{"start":{"line":110,"column":60},"end":{"line":138,"column":3}}},"2":{"name":"(anonymous_2)","decl":{"start":{"line":140,"column":2},"end":{"line":140,"column":7}},"loc":{"start":{"line":140,"column":40},"end":{"line":175,"column":3}}},"3":{"name":"(anonymous_3)","decl":{"start":{"line":177,"column":2},"end":{"line":177,"column":7}},"loc":{"start":{"line":177,"column":42},"end":{"line":204,"column":3}}},"4":{"name":"(anonymous_4)","decl":{"start":{"line":206,"column":2},"end":{"line":206,"column":7}},"loc":{"start":{"line":206,"column":44},"end":{"line":263,"column":3}}},"5":{"name":"(anonymous_5)","decl":{"start":{"line":265,"column":2},"end":{"line":265,"column":20}},"loc":{"start":{"line":265,"column":38},"end":{"line":272,"column":3}}},"6":{"name":"(anonymous_6)","decl":{"start":{"line":274,"column":2},"end":{"line":274,"column":20}},"loc":{"start":{"line":274,"column":38},"end":{"line":280,"column":3}}},"7":{"name":"(anonymous_7)","decl":{"start":{"line":282,"column":10},"end":{"line":282,"column":15}},"loc":{"start":{"line":282,"column":55},"end":{"line":303,"column":3}}},"8":{"name":"(anonymous_8)","decl":{"start":{"line":305,"column":10},"end":{"line":305,"column":15}},"loc":{"start":{"line":305,"column":26},"end":{"line":307,"column":3}}},"9":{"name":"(anonymous_9)","decl":{"start":{"line":306,"column":23},"end":{"line":306,"column":30}},"loc":{"start":{"line":306,"column":34},"end":{"line":306,"column":57}}},"10":{"name":"(anonymous_10)","decl":{"start":{"line":309,"column":10},"end":{"line":309,"column":23}},"loc":{"start":{"line":309,"column":35},"end":{"line":315,"column":3}}},"11":{"name":"(anonymous_11)","decl":{"start":{"line":317,"column":10},"end":{"line":317,"column":23}},"loc":{"start":{"line":317,"column":46},"end":{"line":319,"column":3}}},"12":{"name":"(anonymous_12)","decl":{"start":{"line":321,"column":10},"end":{"line":321,"column":28}},"loc":{"start":{"line":321,"column":43},"end":{"line":330,"column":3}}},"13":{"name":"(anonymous_13)","decl":{"start":{"line":322,"column":23},"end":{"line":322,"column":28}},"loc":{"start":{"line":322,"column":33},"end":{"line":329,"column":6}}},"14":{"name":"(anonymous_14)","decl":{"start":{"line":332,"column":10},"end":{"line":332,"column":32}},"loc":{"start":{"line":332,"column":79},"end":{"line":344,"column":3}}},"15":{"name":"(anonymous_15)","decl":{"start":{"line":333,"column":67},"end":{"line":333,"column":68}},"loc":{"start":{"line":333,"column":88},"end":{"line":337,"column":6}}},"16":{"name":"(anonymous_16)","decl":{"start":{"line":335,"column":61},"end":{"line":335,"column":62}},"loc":{"start":{"line":335,"column":79},"end":{"line":335,"column":108}}},"17":{"name":"(anonymous_17)","decl":{"start":{"line":346,"column":10},"end":{"line":346,"column":29}},"loc":{"start":{"line":346,"column":59},"end":{"line":354,"column":3}}},"18":{"name":"(anonymous_18)","decl":{"start":{"line":356,"column":10},"end":{"line":356,"column":30}},"loc":{"start":{"line":356,"column":45},"end":{"line":364,"column":3}}},"19":{"name":"(anonymous_19)","decl":{"start":{"line":357,"column":23},"end":{"line":357,"column":30}},"loc":{"start":{"line":357,"column":35},"end":{"line":363,"column":6}}},"20":{"name":"(anonymous_20)","decl":{"start":{"line":366,"column":10},"end":{"line":366,"column":26}},"loc":{"start":{"line":366,"column":46},"end":{"line":371,"column":3}}},"21":{"name":"(anonymous_21)","decl":{"start":{"line":373,"column":10},"end":{"line":373,"column":23}},"loc":{"start":{"line":373,"column":40},"end":{"line":378,"column":3}}}},"branchMap":{"0":{"loc":{"start":{"line":55,"column":33},"end":{"line":55,"column":67}},"type":"binary-expr","locations":[{"start":{"line":55,"column":33},"end":{"line":55,"column":57}},{"start":{"line":55,"column":61},"end":{"line":55,"column":67}}]},"1":{"loc":{"start":{"line":66,"column":4},"end":{"line":68,"column":5}},"type":"if","locations":[{"start":{"line":66,"column":4},"end":{"line":68,"column":5}}]},"2":{"loc":{"start":{"line":81,"column":6},"end":{"line":86,"column":7}},"type":"if","locations":[{"start":{"line":81,"column":6},"end":{"line":86,"column":7}}]},"3":{"loc":{"start":{"line":88,"column":6},"end":{"line":93,"column":7}},"type":"if","locations":[{"start":{"line":88,"column":6},"end":{"line":93,"column":7}}]},"4":{"loc":{"start":{"line":121,"column":6},"end":{"line":126,"column":7}},"type":"if","locations":[{"start":{"line":121,"column":6},"end":{"line":126,"column":7}}]},"5":{"loc":{"start":{"line":121,"column":10},"end":{"line":121,"column":35}},"type":"binary-expr","locations":[{"start":{"line":121,"column":10},"end":{"line":121,"column":19}},{"start":{"line":121,"column":23},"end":{"line":121,"column":35}}]},"6":{"loc":{"start":{"line":124,"column":40},"end":{"line":124,"column":69}},"type":"binary-expr","locations":[{"start":{"line":124,"column":40},"end":{"line":124,"column":56}},{"start":{"line":124,"column":60},"end":{"line":124,"column":69}}]},"7":{"loc":{"start":{"line":124,"column":73},"end":{"line":124,"column":112}},"type":"binary-expr","locations":[{"start":{"line":124,"column":73},"end":{"line":124,"column":93}},{"start":{"line":124,"column":97},"end":{"line":124,"column":112}}]},"8":{"loc":{"start":{"line":151,"column":6},"end":{"line":156,"column":7}},"type":"if","locations":[{"start":{"line":151,"column":6},"end":{"line":156,"column":7}}]},"9":{"loc":{"start":{"line":158,"column":6},"end":{"line":163,"column":7}},"type":"if","locations":[{"start":{"line":158,"column":6},"end":{"line":163,"column":7}}]},"10":{"loc":{"start":{"line":187,"column":6},"end":{"line":192,"column":7}},"type":"if","locations":[{"start":{"line":187,"column":6},"end":{"line":192,"column":7}}]},"11":{"loc":{"start":{"line":187,"column":10},"end":{"line":187,"column":35}},"type":"binary-expr","locations":[{"start":{"line":187,"column":10},"end":{"line":187,"column":19}},{"start":{"line":187,"column":23},"end":{"line":187,"column":35}}]},"12":{"loc":{"start":{"line":190,"column":40},"end":{"line":190,"column":69}},"type":"binary-expr","locations":[{"start":{"line":190,"column":40},"end":{"line":190,"column":56}},{"start":{"line":190,"column":60},"end":{"line":190,"column":69}}]},"13":{"loc":{"start":{"line":190,"column":73},"end":{"line":190,"column":112}},"type":"binary-expr","locations":[{"start":{"line":190,"column":73},"end":{"line":190,"column":93}},{"start":{"line":190,"column":97},"end":{"line":190,"column":112}}]},"14":{"loc":{"start":{"line":211,"column":6},"end":{"line":218,"column":7}},"type":"if","locations":[{"start":{"line":211,"column":6},"end":{"line":218,"column":7}}]},"15":{"loc":{"start":{"line":211,"column":10},"end":{"line":211,"column":90}},"type":"binary-expr","locations":[{"start":{"line":211,"column":10},"end":{"line":211,"column":32}},{"start":{"line":211,"column":36},"end":{"line":211,"column":55}},{"start":{"line":211,"column":59},"end":{"line":211,"column":90}}]},"16":{"loc":{"start":{"line":225,"column":6},"end":{"line":232,"column":7}},"type":"if","locations":[{"start":{"line":225,"column":6},"end":{"line":232,"column":7}}]},"17":{"loc":{"start":{"line":225,"column":10},"end":{"line":225,"column":67}},"type":"binary-expr","locations":[{"start":{"line":225,"column":10},"end":{"line":225,"column":38}},{"start":{"line":225,"column":42},"end":{"line":225,"column":67}}]},"18":{"loc":{"start":{"line":238,"column":8},"end":{"line":241,"column":17}},"type":"cond-expr","locations":[{"start":{"line":238,"column":44},"end":{"line":238,"column":52}},{"start":{"line":239,"column":8},"end":{"line":241,"column":17}}]},"19":{"loc":{"start":{"line":239,"column":8},"end":{"line":241,"column":17}},"type":"cond-expr","locations":[{"start":{"line":239,"column":88},"end":{"line":239,"column":97}},{"start":{"line":240,"column":8},"end":{"line":241,"column":17}}]},"20":{"loc":{"start":{"line":239,"column":8},"end":{"line":239,"column":85}},"type":"binary-expr","locations":[{"start":{"line":239,"column":8},"end":{"line":239,"column":46}},{"start":{"line":239,"column":50},"end":{"line":239,"column":85}}]},"21":{"loc":{"start":{"line":240,"column":8},"end":{"line":241,"column":17}},"type":"cond-expr","locations":[{"start":{"line":240,"column":94},"end":{"line":240,"column":105}},{"start":{"line":241,"column":8},"end":{"line":241,"column":17}}]},"22":{"loc":{"start":{"line":240,"column":8},"end":{"line":240,"column":91}},"type":"binary-expr","locations":[{"start":{"line":240,"column":8},"end":{"line":240,"column":48}},{"start":{"line":240,"column":52},"end":{"line":240,"column":91}}]},"23":{"loc":{"start":{"line":243,"column":21},"end":{"line":247,"column":13}},"type":"cond-expr","locations":[{"start":{"line":243,"column":44},"end":{"line":247,"column":8}},{"start":{"line":247,"column":11},"end":{"line":247,"column":13}}]},"24":{"loc":{"start":{"line":246,"column":16},"end":{"line":246,"column":64}},"type":"binary-expr","locations":[{"start":{"line":246,"column":16},"end":{"line":246,"column":40}},{"start":{"line":246,"column":44},"end":{"line":246,"column":64}}]},"25":{"loc":{"start":{"line":267,"column":4},"end":{"line":270,"column":5}},"type":"if","locations":[{"start":{"line":267,"column":4},"end":{"line":270,"column":5}}]},"26":{"loc":{"start":{"line":276,"column":4},"end":{"line":278,"column":5}},"type":"if","locations":[{"start":{"line":276,"column":4},"end":{"line":278,"column":5}}]},"27":{"loc":{"start":{"line":282,"column":44},"end":{"line":282,"column":55}},"type":"default-arg","locations":[{"start":{"line":282,"column":54},"end":{"line":282,"column":55}}]},"28":{"loc":{"start":{"line":287,"column":6},"end":{"line":290,"column":7}},"type":"if","locations":[{"start":{"line":287,"column":6},"end":{"line":290,"column":7}}]},"29":{"loc":{"start":{"line":287,"column":10},"end":{"line":287,"column":74}},"type":"binary-expr","locations":[{"start":{"line":287,"column":10},"end":{"line":287,"column":18}},{"start":{"line":287,"column":22},"end":{"line":287,"column":45}},{"start":{"line":287,"column":49},"end":{"line":287,"column":74}}]},"30":{"loc":{"start":{"line":295,"column":6},"end":{"line":298,"column":7}},"type":"if","locations":[{"start":{"line":295,"column":6},"end":{"line":298,"column":7}}]},"31":{"loc":{"start":{"line":311,"column":4},"end":{"line":313,"column":5}},"type":"if","locations":[{"start":{"line":311,"column":4},"end":{"line":313,"column":5}}]},"32":{"loc":{"start":{"line":311,"column":8},"end":{"line":311,"column":71}},"type":"binary-expr","locations":[{"start":{"line":311,"column":8},"end":{"line":311,"column":14}},{"start":{"line":311,"column":18},"end":{"line":311,"column":71}}]},"33":{"loc":{"start":{"line":323,"column":19},"end":{"line":323,"column":50}},"type":"binary-expr","locations":[{"start":{"line":323,"column":19},"end":{"line":323,"column":44}},{"start":{"line":323,"column":48},"end":{"line":323,"column":50}}]},"34":{"loc":{"start":{"line":325,"column":13},"end":{"line":325,"column":37}},"type":"binary-expr","locations":[{"start":{"line":325,"column":13},"end":{"line":325,"column":32}},{"start":{"line":325,"column":36},"end":{"line":325,"column":37}}]},"35":{"loc":{"start":{"line":326,"column":43},"end":{"line":326,"column":74}},"type":"binary-expr","locations":[{"start":{"line":326,"column":43},"end":{"line":326,"column":68}},{"start":{"line":326,"column":72},"end":{"line":326,"column":74}}]},"36":{"loc":{"start":{"line":327,"column":41},"end":{"line":327,"column":70}},"type":"binary-expr","locations":[{"start":{"line":327,"column":41},"end":{"line":327,"column":64}},{"start":{"line":327,"column":68},"end":{"line":327,"column":70}}]},"37":{"loc":{"start":{"line":328,"column":17},"end":{"line":328,"column":61}},"type":"binary-expr","locations":[{"start":{"line":328,"column":17},"end":{"line":328,"column":33}},{"start":{"line":328,"column":37},"end":{"line":328,"column":61}}]},"38":{"loc":{"start":{"line":333,"column":23},"end":{"line":337,"column":13}},"type":"binary-expr","locations":[{"start":{"line":333,"column":23},"end":{"line":337,"column":7}},{"start":{"line":337,"column":11},"end":{"line":337,"column":13}}]},"39":{"loc":{"start":{"line":335,"column":19},"end":{"line":335,"column":115}},"type":"binary-expr","locations":[{"start":{"line":335,"column":19},"end":{"line":335,"column":109}},{"start":{"line":335,"column":113},"end":{"line":335,"column":115}}]},"40":{"loc":{"start":{"line":349,"column":16},"end":{"line":349,"column":46}},"type":"binary-expr","locations":[{"start":{"line":349,"column":16},"end":{"line":349,"column":40}},{"start":{"line":349,"column":44},"end":{"line":349,"column":46}}]},"41":{"loc":{"start":{"line":351,"column":18},"end":{"line":351,"column":60}},"type":"binary-expr","locations":[{"start":{"line":351,"column":18},"end":{"line":351,"column":54}},{"start":{"line":351,"column":58},"end":{"line":351,"column":60}}]},"42":{"loc":{"start":{"line":352,"column":17},"end":{"line":352,"column":63}},"type":"binary-expr","locations":[{"start":{"line":352,"column":17},"end":{"line":352,"column":35}},{"start":{"line":352,"column":39},"end":{"line":352,"column":63}}]},"43":{"loc":{"start":{"line":358,"column":10},"end":{"line":358,"column":37}},"type":"binary-expr","locations":[{"start":{"line":358,"column":10},"end":{"line":358,"column":31}},{"start":{"line":358,"column":35},"end":{"line":358,"column":37}}]},"44":{"loc":{"start":{"line":359,"column":12},"end":{"line":359,"column":37}},"type":"binary-expr","locations":[{"start":{"line":359,"column":12},"end":{"line":359,"column":31}},{"start":{"line":359,"column":35},"end":{"line":359,"column":37}}]},"45":{"loc":{"start":{"line":360,"column":39},"end":{"line":360,"column":68}},"type":"binary-expr","locations":[{"start":{"line":360,"column":39},"end":{"line":360,"column":62}},{"start":{"line":360,"column":66},"end":{"line":360,"column":68}}]},"46":{"loc":{"start":{"line":361,"column":16},"end":{"line":361,"column":39}},"type":"binary-expr","locations":[{"start":{"line":361,"column":16},"end":{"line":361,"column":34}},{"start":{"line":361,"column":38},"end":{"line":361,"column":39}}]},"47":{"loc":{"start":{"line":362,"column":17},"end":{"line":362,"column":41}},"type":"binary-expr","locations":[{"start":{"line":362,"column":17},"end":{"line":362,"column":36}},{"start":{"line":362,"column":40},"end":{"line":362,"column":41}}]},"48":{"loc":{"start":{"line":367,"column":4},"end":{"line":367,"column":32}},"type":"if","locations":[{"start":{"line":367,"column":4},"end":{"line":367,"column":32}}]},"49":{"loc":{"start":{"line":370,"column":11},"end":{"line":370,"column":49}},"type":"binary-expr","locations":[{"start":{"line":370,"column":11},"end":{"line":370,"column":34}},{"start":{"line":370,"column":38},"end":{"line":370,"column":49}}]},"50":{"loc":{"start":{"line":374,"column":4},"end":{"line":374,"column":29}},"type":"if","locations":[{"start":{"line":374,"column":4},"end":{"line":374,"column":29}}]},"51":{"loc":{"start":{"line":377,"column":11},"end":{"line":377,"column":46}},"type":"binary-expr","locations":[{"start":{"line":377,"column":11},"end":{"line":377,"column":34}},{"start":{"line":377,"column":38},"end":{"line":377,"column":46}}]}},"s":{"0":18,"1":18,"2":18,"3":18,"4":18,"5":18,"6":8,"7":8,"8":8,"9":1,"10":7,"11":7,"12":7,"13":7,"14":7,"15":1,"16":6,"17":2,"18":4,"19":4,"20":4,"21":4,"22":0,"23":2,"24":2,"25":2,"26":2,"27":2,"28":1,"29":1,"30":1,"31":1,"32":0,"33":2,"34":2,"35":2,"36":2,"37":2,"38":1,"39":1,"40":0,"41":1,"42":1,"43":1,"44":0,"45":1,"46":1,"47":1,"48":1,"49":1,"50":0,"51":1,"52":1,"53":1,"54":0,"55":0,"56":0,"57":0,"58":0,"59":0,"60":0,"61":0,"62":0,"63":0,"64":0,"65":0,"66":0,"67":0,"68":7,"69":4,"70":4,"71":3,"72":4,"73":3,"74":1,"75":17,"76":17,"77":15,"78":3,"79":3,"80":12,"81":2,"82":2,"83":2,"84":0,"85":5,"86":5,"87":8,"88":8,"89":1,"90":7,"91":4,"92":4,"93":2,"94":1,"95":1,"96":1,"97":1,"98":1,"99":1,"100":2,"101":3,"102":1,"103":2,"104":2,"105":1,"106":0,"107":1,"108":1,"109":4},"f":{"0":8,"1":2,"2":2,"3":1,"4":0,"5":7,"6":4,"7":17,"8":5,"9":5,"10":8,"11":4,"12":4,"13":2,"14":1,"15":1,"16":1,"17":1,"18":1,"19":2,"20":3,"21":1},"b":{"0":[18,18],"1":[1],"2":[1],"3":[2],"4":[1],"5":[2,2],"6":[1,0],"7":[1,0],"8":[1],"9":[0],"10":[0],"11":[1,1],"12":[0,0],"13":[0,0],"14":[0],"15":[0,0,0],"16":[0],"17":[0,0],"18":[0,0],"19":[0,0],"20":[0,0],"21":[0,0],"22":[0,0],"23":[0,0],"24":[0,0],"25":[4],"26":[3],"27":[12],"28":[3],"29":[15,13,4],"30":[2],"31":[1],"32":[8,1],"33":[2,0],"34":[2,1],"35":[2,1],"36":[2,1],"37":[2,1],"38":[1,0],"39":[1,0],"40":[1,0],"41":[1,0],"42":[1,0],"43":[2,0],"44":[2,0],"45":[2,0],"46":[2,0],"47":[2,0],"48":[1],"49":[2,0],"50":[0],"51":[1,0]}}
}
