TN:
SF:src/app/AppBootstrap.ts
FN:36,(anonymous_9)
FN:58,(anonymous_10)
FN:69,(anonymous_11)
FN:77,(anonymous_12)
FNF:4
FNH:4
FNDA:2,(anonymous_9)
FNDA:1,(anonymous_10)
FNDA:1,(anonymous_11)
FNDA:2,(anonymous_12)
DA:1,1
DA:2,1
DA:35,1
DA:37,2
DA:38,2
DA:40,2
DA:41,1
DA:50,1
DA:59,1
DA:70,1
DA:78,2
LF:11
LH:11
BRDA:40,0,0,1
BRF:1
BRH:1
end_of_record
TN:
SF:src/contexts/ThemeContext.tsx
FN:18,(anonymous_9)
FN:23,(anonymous_10)
FN:27,(anonymous_11)
FN:40,(anonymous_12)
FN:51,(anonymous_13)
FN:77,(anonymous_14)
FNF:6
FNH:0
FNDA:0,(anonymous_9)
FNDA:0,(anonymous_10)
FNDA:0,(anonymous_11)
FNDA:0,(anonymous_12)
FNDA:0,(anonymous_13)
FNDA:0,(anonymous_14)
DA:1,2
DA:2,2
DA:12,2
DA:18,2
DA:19,0
DA:20,0
DA:21,0
DA:23,0
DA:24,0
DA:27,0
DA:28,0
DA:29,0
DA:30,0
DA:32,0
DA:34,0
DA:38,0
DA:40,0
DA:41,0
DA:42,0
DA:43,0
DA:44,0
DA:47,0
DA:51,0
DA:52,0
DA:53,0
DA:54,0
DA:55,0
DA:58,0
DA:62,0
DA:70,0
DA:77,2
DA:78,0
DA:79,0
DA:80,0
DA:82,0
LF:35
LH:5
BRDA:43,0,0,0
BRDA:43,1,0,0
BRDA:43,1,1,0
BRDA:54,2,0,0
BRDA:79,3,0,0
BRF:5
BRH:0
end_of_record
TN:
SF:src/navigation/NavigationService.ts
FN:19,(anonymous_0)
FN:44,(anonymous_1)
FN:45,(anonymous_2)
FN:47,(anonymous_3)
FN:55,(anonymous_4)
FN:59,(anonymous_5)
FN:63,(anonymous_6)
FN:64,(anonymous_7)
FNF:8
FNH:8
FNDA:14,(anonymous_0)
FNDA:2,(anonymous_1)
FNDA:8,(anonymous_2)
FNDA:8,(anonymous_3)
FNDA:1,(anonymous_4)
FNDA:2,(anonymous_5)
FNDA:7,(anonymous_6)
FNDA:21,(anonymous_7)
DA:16,3
DA:17,21
DA:20,14
DA:45,8
DA:46,2
DA:47,8
DA:49,2
DA:56,1
DA:60,2
DA:64,21
DA:65,7
LF:11
LH:11
BRDA:65,0,0,7
BRDA:65,0,1,1
BRF:2
BRH:2
end_of_record
TN:
SF:src/screens/DebugScreen.tsx
FN:27,DebugScreen
FN:40,(anonymous_11)
FN:44,(anonymous_12)
FN:60,(anonymous_13)
FN:77,(anonymous_14)
FN:90,(anonymous_15)
FN:92,(anonymous_16)
FN:129,(anonymous_17)
FN:138,(anonymous_18)
FN:147,(anonymous_19)
FN:231,(anonymous_20)
FN:287,(anonymous_21)
FNF:12
FNH:0
FNDA:0,DebugScreen
FNDA:0,(anonymous_11)
FNDA:0,(anonymous_12)
FNDA:0,(anonymous_13)
FNDA:0,(anonymous_14)
FNDA:0,(anonymous_15)
FNDA:0,(anonymous_16)
FNDA:0,(anonymous_17)
FNDA:0,(anonymous_18)
FNDA:0,(anonymous_19)
FNDA:0,(anonymous_20)
FNDA:0,(anonymous_21)
DA:1,1
DA:2,1
DA:4,1
DA:5,1
DA:27,1
DA:28,0
DA:34,0
DA:35,0
DA:36,0
DA:37,0
DA:38,0
DA:40,0
DA:41,0
DA:44,0
DA:45,0
DA:46,0
DA:47,0
DA:52,0
DA:54,0
DA:56,0
DA:60,0
DA:62,0
DA:74,0
DA:77,0
DA:78,0
DA:79,0
DA:80,0
DA:81,0
DA:83,0
DA:84,0
DA:86,0
DA:90,0
DA:91,0
DA:92,0
DA:94,0
DA:126,0
DA:129,0
DA:130,0
DA:131,0
DA:132,0
DA:133,0
DA:134,0
DA:138,0
DA:139,0
DA:140,0
DA:141,0
DA:142,0
DA:143,0
DA:147,0
DA:149,0
DA:150,0
DA:153,0
DA:157,0
DA:232,0
DA:288,0
DA:329,1
LF:56
LH:6
BRDA:121,0,0,0
BRDA:121,0,1,0
BRDA:121,1,0,0
BRDA:121,1,1,0
BRDA:123,2,0,0
BRDA:123,2,1,0
BRDA:130,3,0,0
BRDA:130,3,1,0
BRDA:130,3,2,0
BRDA:130,3,3,0
BRDA:139,4,0,0
BRDA:139,4,1,0
BRDA:139,4,2,0
BRDA:139,4,3,0
BRDA:153,5,0,0
BRDA:153,5,1,0
BRDA:203,6,0,0
BRDA:203,6,1,0
BRDA:252,7,0,0
BRDA:252,7,1,0
BRDA:252,7,2,0
BRDA:260,8,0,0
BRDA:260,8,1,0
BRDA:260,9,0,0
BRDA:260,9,1,0
BRDA:264,10,0,0
BRDA:264,10,1,0
BRDA:265,11,0,0
BRDA:265,11,1,0
BRDA:274,12,0,0
BRDA:274,12,1,0
BRDA:275,13,0,0
BRDA:275,13,1,0
BRF:33
BRH:0
end_of_record
TN:
SF:src/screens/MapScreen.tsx
FN:44,MapScreen
FN:64,(anonymous_10)
FN:72,(anonymous_11)
FN:86,(anonymous_12)
FN:96,(anonymous_13)
FN:132,(anonymous_14)
FN:155,(anonymous_15)
FN:159,(anonymous_16)
FN:167,(anonymous_17)
FN:181,(anonymous_18)
FN:198,(anonymous_19)
FN:212,(anonymous_20)
FN:220,(anonymous_21)
FN:282,(anonymous_22)
FN:320,(anonymous_23)
FN:333,(anonymous_24)
FN:338,(anonymous_25)
FN:370,(anonymous_26)
FN:387,(anonymous_27)
FNF:19
FNH:0
FNDA:0,MapScreen
FNDA:0,(anonymous_10)
FNDA:0,(anonymous_11)
FNDA:0,(anonymous_12)
FNDA:0,(anonymous_13)
FNDA:0,(anonymous_14)
FNDA:0,(anonymous_15)
FNDA:0,(anonymous_16)
FNDA:0,(anonymous_17)
FNDA:0,(anonymous_18)
FNDA:0,(anonymous_19)
FNDA:0,(anonymous_20)
FNDA:0,(anonymous_21)
FNDA:0,(anonymous_22)
FNDA:0,(anonymous_23)
FNDA:0,(anonymous_24)
FNDA:0,(anonymous_25)
FNDA:0,(anonymous_26)
FNDA:0,(anonymous_27)
DA:1,1
DA:2,1
DA:3,1
DA:4,1
DA:5,1
DA:6,1
DA:7,1
DA:8,1
DA:9,1
DA:10,1
DA:44,1
DA:45,0
DA:46,0
DA:47,0
DA:48,0
DA:49,0
DA:50,0
DA:51,0
DA:52,0
DA:53,0
DA:54,0
DA:55,0
DA:57,0
DA:58,0
DA:64,0
DA:66,0
DA:68,0
DA:69,0
DA:72,0
DA:73,0
DA:74,0
DA:75,0
DA:76,0
DA:82,0
DA:86,0
DA:87,0
DA:89,0
DA:90,0
DA:92,0
DA:96,0
DA:97,0
DA:98,0
DA:100,0
DA:101,0
DA:103,0
DA:104,0
DA:105,0
DA:108,0
DA:111,0
DA:113,0
DA:114,0
DA:117,0
DA:118,0
DA:119,0
DA:122,0
DA:125,0
DA:126,0
DA:128,0
DA:132,0
DA:133,0
DA:134,0
DA:135,0
DA:138,0
DA:139,0
DA:140,0
DA:141,0
DA:144,0
DA:145,0
DA:146,0
DA:147,0
DA:150,0
DA:151,0
DA:155,0
DA:156,0
DA:159,0
DA:160,0
DA:161,0
DA:162,0
DA:164,0
DA:167,0
DA:168,0
DA:169,0
DA:171,0
DA:172,0
DA:173,0
DA:176,0
DA:177,0
DA:181,0
DA:182,0
DA:199,0
DA:212,0
DA:220,0
DA:221,0
DA:222,0
DA:223,0
DA:224,0
DA:225,0
DA:229,0
DA:231,0
DA:282,0
DA:321,0
DA:333,0
DA:338,0
DA:371,0
DA:387,1
DA:672,1
LF:106
LH:13
BRDA:75,0,0,0
BRDA:103,1,0,0
BRDA:103,1,1,0
BRDA:103,2,0,0
BRDA:103,2,1,0
BRDA:108,3,0,0
BRDA:108,3,1,0
BRDA:114,4,0,0
BRDA:114,4,1,0
BRDA:119,5,0,0
BRDA:119,5,1,0
BRDA:133,6,0,0
BRDA:144,7,0,0
BRDA:144,8,0,0
BRDA:144,8,1,0
BRDA:161,9,0,0
BRDA:161,10,0,0
BRDA:161,10,1,0
BRDA:171,11,0,0
BRDA:173,12,0,0
BRDA:173,12,1,0
BRDA:196,13,0,0
BRDA:196,13,1,0
BRDA:205,14,0,0
BRDA:205,14,1,0
BRDA:221,15,0,0
BRDA:221,15,1,0
BRDA:221,15,2,0
BRDA:221,15,3,0
BRDA:240,16,0,0
BRDA:240,16,1,0
BRDA:255,17,0,0
BRDA:255,17,1,0
BRDA:259,18,0,0
BRDA:259,18,1,0
BRDA:261,19,0,0
BRDA:261,19,1,0
BRDA:265,20,0,0
BRDA:265,20,1,0
BRDA:266,21,0,0
BRDA:266,21,1,0
BRDA:275,22,0,0
BRDA:275,22,1,0
BRDA:278,23,0,0
BRDA:278,23,1,0
BRDA:288,24,0,0
BRDA:288,24,1,0
BRDA:293,25,0,0
BRDA:293,25,1,0
BRDA:301,26,0,0
BRDA:301,26,1,0
BRDA:315,27,0,0
BRDA:315,27,1,0
BRDA:315,27,2,0
BRDA:327,28,0,0
BRDA:327,28,1,0
BRDA:348,29,0,0
BRDA:348,29,1,0
BRDA:362,30,0,0
BRDA:362,30,1,0
BRDA:379,31,0,0
BRDA:379,31,1,0
BRDA:379,32,0,0
BRDA:379,32,1,0
BRDA:581,33,0,0
BRDA:581,33,1,0
BRF:66
BRH:0
end_of_record
TN:
SF:src/screens/PlacesScreen.tsx
FN:6,PlacesScreen
FN:25,(anonymous_10)
FN:29,(anonymous_11)
FN:33,(anonymous_12)
FN:42,(anonymous_13)
FN:58,(anonymous_14)
FN:63,(anonymous_15)
FN:68,(anonymous_16)
FN:92,(anonymous_17)
FN:95,(anonymous_18)
FN:108,(anonymous_19)
FN:115,(anonymous_20)
FN:142,(anonymous_21)
FN:159,(anonymous_22)
FN:188,(anonymous_23)
FN:194,(anonymous_24)
FN:206,(anonymous_25)
FN:222,(anonymous_26)
FN:253,(anonymous_27)
FN:277,(anonymous_28)
FN:284,(anonymous_29)
FN:291,(anonymous_30)
FN:305,(anonymous_31)
FNF:23
FNH:0
FNDA:0,PlacesScreen
FNDA:0,(anonymous_10)
FNDA:0,(anonymous_11)
FNDA:0,(anonymous_12)
FNDA:0,(anonymous_13)
FNDA:0,(anonymous_14)
FNDA:0,(anonymous_15)
FNDA:0,(anonymous_16)
FNDA:0,(anonymous_17)
FNDA:0,(anonymous_18)
FNDA:0,(anonymous_19)
FNDA:0,(anonymous_20)
FNDA:0,(anonymous_21)
FNDA:0,(anonymous_22)
FNDA:0,(anonymous_23)
FNDA:0,(anonymous_24)
FNDA:0,(anonymous_25)
FNDA:0,(anonymous_26)
FNDA:0,(anonymous_27)
FNDA:0,(anonymous_28)
FNDA:0,(anonymous_29)
FNDA:0,(anonymous_30)
FNDA:0,(anonymous_31)
DA:1,1
DA:2,1
DA:3,1
DA:4,1
DA:6,1
DA:7,0
DA:8,0
DA:9,0
DA:10,0
DA:11,0
DA:12,0
DA:13,0
DA:14,0
DA:15,0
DA:16,0
DA:23,0
DA:25,0
DA:26,0
DA:29,0
DA:30,0
DA:33,0
DA:34,0
DA:35,0
DA:36,0
DA:38,0
DA:42,0
DA:43,0
DA:46,0
DA:47,0
DA:51,0
DA:52,0
DA:55,0
DA:58,0
DA:59,0
DA:60,0
DA:63,0
DA:64,0
DA:65,0
DA:68,0
DA:69,0
DA:70,0
DA:71,0
DA:74,0
DA:81,0
DA:82,0
DA:83,0
DA:84,0
DA:86,0
DA:90,0
DA:92,0
DA:93,0
DA:95,0
DA:108,0
DA:109,0
DA:115,0
DA:126,0
DA:127,0
DA:134,0
DA:142,0
DA:160,0
DA:188,0
DA:194,0
DA:206,0
DA:222,0
DA:253,0
DA:277,0
DA:284,0
DA:291,0
DA:305,0
DA:317,1
LF:70
LH:6
BRDA:46,0,0,0
BRDA:51,1,0,0
BRDA:69,2,0,0
BRDA:69,3,0,0
BRDA:69,3,1,0
BRDA:78,4,0,0
BRDA:78,4,1,0
BRDA:81,5,0,0
BRDA:81,5,1,0
BRDA:102,6,0,0
BRDA:102,6,1,0
BRDA:113,7,0,0
BRDA:113,7,1,0
BRDA:119,8,0,0
BRDA:119,8,1,0
BRDA:126,9,0,0
BRDA:149,10,0,0
BRDA:149,10,1,0
BRDA:187,11,0,0
BRDA:187,11,1,0
BRDA:193,12,0,0
BRDA:193,12,1,0
BRDA:201,13,0,0
BRDA:201,13,1,0
BRDA:235,14,0,0
BRDA:235,14,1,0
BRDA:242,15,0,0
BRDA:242,15,1,0
BRDA:245,16,0,0
BRDA:245,16,1,0
BRF:30
BRH:0
end_of_record
TN:
SF:src/screens/services/ItineraryScreenService.ts
FN:22,(anonymous_0)
FN:26,(anonymous_1)
FN:37,(anonymous_2)
FN:48,(anonymous_3)
FN:55,(anonymous_4)
FN:63,(anonymous_5)
FN:72,(anonymous_6)
FN:112,(anonymous_7)
FN:116,(anonymous_8)
FN:117,(anonymous_9)
FN:120,(anonymous_10)
FN:134,(anonymous_11)
FN:138,(anonymous_12)
FN:155,(anonymous_13)
FN:161,(anonymous_14)
FN:164,(anonymous_15)
FN:179,(anonymous_16)
FN:182,(anonymous_17)
FN:197,(anonymous_18)
FN:201,(anonymous_19)
FN:215,(anonymous_20)
FNF:21
FNH:17
FNDA:24,(anonymous_0)
FNDA:4,(anonymous_1)
FNDA:9,(anonymous_2)
FNDA:3,(anonymous_3)
FNDA:2,(anonymous_4)
FNDA:5,(anonymous_5)
FNDA:3,(anonymous_6)
FNDA:0,(anonymous_7)
FNDA:0,(anonymous_8)
FNDA:0,(anonymous_9)
FNDA:0,(anonymous_10)
FNDA:2,(anonymous_11)
FNDA:2,(anonymous_12)
FNDA:1,(anonymous_13)
FNDA:2,(anonymous_14)
FNDA:2,(anonymous_15)
FNDA:2,(anonymous_16)
FNDA:2,(anonymous_17)
FNDA:2,(anonymous_18)
FNDA:2,(anonymous_19)
FNDA:2,(anonymous_20)
DA:1,2
DA:19,2
DA:23,24
DA:28,4
DA:29,4
DA:30,4
DA:38,9
DA:45,9
DA:49,3
DA:50,2
DA:52,1
DA:56,2
DA:57,1
DA:60,1
DA:64,5
DA:65,5
DA:67,1
DA:68,1
DA:73,3
DA:75,3
DA:77,8
DA:78,8
DA:79,1
DA:83,8
DA:84,0
DA:85,0
DA:89,8
DA:90,13
DA:92,13
DA:93,0
DA:96,13
DA:97,0
DA:100,13
DA:101,0
DA:106,3
DA:113,0
DA:117,0
DA:121,0
DA:123,0
DA:124,0
DA:125,0
DA:126,0
DA:131,0
DA:135,2
DA:138,2
DA:140,2
DA:142,1
DA:148,1
DA:152,1
DA:155,1
DA:158,2
DA:162,2
DA:164,2
DA:166,2
DA:167,1
DA:168,1
DA:170,1
DA:176,2
DA:180,2
DA:182,2
DA:184,2
DA:185,1
DA:186,1
DA:188,1
DA:194,2
DA:198,2
DA:201,2
DA:203,2
DA:204,0
DA:207,2
DA:212,2
DA:215,2
DA:217,2
LF:73
LH:59
BRDA:45,0,0,9
BRDA:45,0,1,2
BRDA:49,1,0,2
BRDA:56,2,0,1
BRDA:78,3,0,1
BRDA:83,4,0,0
BRDA:92,5,0,0
BRDA:92,6,0,13
BRDA:92,6,1,13
BRDA:96,7,0,0
BRDA:96,8,0,13
BRDA:96,8,1,13
BRDA:100,9,0,0
BRDA:100,10,0,13
BRDA:100,10,1,3
BRDA:125,11,0,0
BRDA:140,12,0,1
BRDA:140,12,1,1
BRDA:166,13,0,1
BRDA:166,14,0,2
BRDA:166,14,1,2
BRDA:184,15,0,1
BRDA:184,16,0,2
BRDA:184,16,1,2
BRDA:203,17,0,0
BRF:25
BRH:19
end_of_record
TN:
SF:src/screens/services/MapScreenService.ts
FN:71,(anonymous_0)
FN:79,(anonymous_1)
FN:80,(anonymous_2)
FN:90,(anonymous_3)
FN:117,(anonymous_4)
FN:146,(anonymous_5)
FN:147,(anonymous_6)
FN:156,(anonymous_7)
FN:167,(anonymous_8)
FN:171,(anonymous_9)
FN:177,(anonymous_10)
FN:178,(anonymous_11)
FN:181,(anonymous_12)
FN:198,(anonymous_13)
FN:221,(anonymous_14)
FN:239,(anonymous_15)
FN:252,(anonymous_16)
FN:303,(anonymous_17)
FN:321,(anonymous_18)
FNF:19
FNH:15
FNDA:23,(anonymous_0)
FNDA:3,(anonymous_1)
FNDA:3,(anonymous_2)
FNDA:2,(anonymous_3)
FNDA:1,(anonymous_4)
FNDA:4,(anonymous_5)
FNDA:5,(anonymous_6)
FNDA:2,(anonymous_7)
FNDA:2,(anonymous_8)
FNDA:0,(anonymous_9)
FNDA:0,(anonymous_10)
FNDA:0,(anonymous_11)
FNDA:0,(anonymous_12)
FNDA:3,(anonymous_13)
FNDA:1,(anonymous_14)
FNDA:2,(anonymous_15)
FNDA:2,(anonymous_16)
FNDA:4,(anonymous_17)
FNDA:4,(anonymous_18)
DA:2,4
DA:5,4
DA:60,4
DA:66,23
DA:72,23
DA:73,23
DA:74,23
DA:75,23
DA:76,23
DA:80,3
DA:81,3
DA:82,0
DA:86,0
DA:89,3
DA:91,2
DA:94,2
DA:95,2
DA:96,0
DA:100,0
DA:104,2
DA:105,1
DA:109,1
DA:112,1
DA:118,1
DA:120,1
DA:122,1
DA:123,1
DA:125,0
DA:126,0
DA:128,0
DA:129,0
DA:132,1
DA:147,5
DA:157,2
DA:159,2
DA:168,2
DA:172,0
DA:173,0
DA:176,0
DA:177,0
DA:178,0
DA:183,0
DA:190,0
DA:199,3
DA:200,0
DA:208,3
DA:209,3
DA:210,2
DA:212,1
DA:222,1
DA:224,1
DA:226,1
DA:227,1
DA:228,1
DA:236,1
DA:240,2
DA:241,0
DA:244,2
DA:245,2
DA:246,1
DA:248,1
DA:253,2
DA:255,2
DA:256,0
DA:260,2
DA:261,2
DA:268,2
DA:269,3
DA:272,3
DA:282,3
DA:283,1
DA:284,1
DA:293,2
DA:294,2
DA:300,2
DA:304,4
DA:306,4
DA:308,4
DA:310,3
DA:317,3
DA:319,3
DA:321,4
DA:335,3
DA:345,1
DA:351,0
LF:85
LH:66
BRDA:81,0,0,0
BRDA:95,1,0,0
BRDA:104,2,0,1
BRDA:120,3,0,1
BRDA:120,3,1,0
BRDA:120,3,2,0
BRDA:146,4,0,0
BRDA:157,5,0,2
BRDA:157,5,1,1
BRDA:172,6,0,0
BRDA:191,7,0,0
BRDA:191,7,1,0
BRDA:191,7,2,0
BRDA:191,7,3,0
BRDA:199,8,0,0
BRDA:221,9,0,0
BRDA:240,10,0,0
BRDA:255,11,0,0
BRDA:282,12,0,1
BRDA:287,13,0,1
BRDA:287,13,1,1
BRDA:303,14,0,0
BRDA:308,15,0,3
BRDA:308,16,0,4
BRDA:308,16,1,3
BRDA:319,17,0,3
BRDA:319,18,0,3
BRDA:319,18,1,3
BRF:28
BRH:13
end_of_record
TN:
SF:src/services/DataPersistenceService.ts
FN:30,(anonymous_0)
FN:35,(anonymous_1)
FN:72,(anonymous_2)
FN:97,(anonymous_3)
FN:109,(anonymous_4)
FN:132,(anonymous_5)
FN:149,(anonymous_6)
FNF:7
FNH:7
FNDA:19,(anonymous_0)
FNDA:10,(anonymous_1)
FNDA:4,(anonymous_2)
FNDA:1,(anonymous_3)
FNDA:2,(anonymous_4)
FNDA:5,(anonymous_5)
FNDA:2,(anonymous_6)
DA:24,2
DA:27,19
DA:28,19
DA:31,19
DA:32,19
DA:36,10
DA:37,10
DA:40,10
DA:41,4
DA:42,4
DA:44,3
DA:45,3
DA:46,2
DA:47,2
DA:48,1
DA:54,1
DA:62,8
DA:63,3
DA:65,5
DA:73,4
DA:74,4
DA:76,3
DA:77,1
DA:80,2
DA:81,2
DA:82,1
DA:84,1
DA:90,1
DA:98,1
DA:99,1
DA:100,1
DA:102,0
DA:110,2
DA:111,2
DA:114,2
DA:115,1
DA:116,1
DA:118,1
DA:122,2
DA:123,2
DA:125,0
DA:133,5
DA:135,4
DA:136,1
DA:138,3
DA:139,1
DA:141,2
DA:142,1
DA:144,1
DA:146,1
DA:150,2
DA:151,2
DA:153,2
DA:154,1
DA:157,1
DA:158,1
DA:159,1
DA:161,0
DA:167,0
LF:59
LH:55
BRDA:40,0,0,4
BRDA:42,1,0,3
BRDA:45,2,0,2
BRDA:45,2,1,1
BRDA:47,3,0,1
BRDA:76,4,0,1
BRDA:92,5,0,1
BRDA:92,5,1,0
BRDA:104,6,0,0
BRDA:104,6,1,0
BRDA:114,7,0,1
BRDA:116,8,0,1
BRDA:133,9,0,4
BRDA:135,10,0,1
BRDA:135,11,0,4
BRDA:135,11,1,3
BRDA:138,12,0,1
BRDA:138,13,0,3
BRDA:138,13,1,3
BRDA:141,14,0,1
BRDA:141,15,0,2
BRDA:141,15,1,2
BRDA:153,16,0,1
BRDA:169,17,0,0
BRDA:169,17,1,0
BRF:25
BRH:20
end_of_record
TN:
SF:src/services/GooglePlacesService.ts
FN:38,(anonymous_0)
FN:42,(anonymous_1)
FN:200,(anonymous_2)
FN:202,(anonymous_3)
FN:205,(anonymous_4)
FN:207,(anonymous_5)
FN:212,(anonymous_6)
FN:235,(anonymous_7)
FN:238,(anonymous_8)
FN:242,(anonymous_9)
FN:248,(anonymous_10)
FN:250,(anonymous_11)
FN:253,(anonymous_12)
FN:255,(anonymous_13)
FN:258,(anonymous_14)
FN:274,(anonymous_15)
FN:275,(anonymous_16)
FN:284,(anonymous_17)
FN:314,(anonymous_18)
FN:321,(anonymous_19)
FNF:20
FNH:20
FNDA:21,(anonymous_0)
FNDA:21,(anonymous_1)
FNDA:4,(anonymous_2)
FNDA:76,(anonymous_3)
FNDA:7,(anonymous_4)
FNDA:133,(anonymous_5)
FNDA:2,(anonymous_6)
FNDA:1,(anonymous_7)
FNDA:6,(anonymous_8)
FNDA:114,(anonymous_9)
FNDA:6,(anonymous_10)
FNDA:88,(anonymous_11)
FNDA:2,(anonymous_12)
FNDA:14,(anonymous_13)
FNDA:2,(anonymous_14)
FNDA:2,(anonymous_15)
FNDA:5,(anonymous_16)
FNDA:1,(anonymous_17)
FNDA:26,(anonymous_18)
FNDA:1,(anonymous_19)
DA:34,2
DA:36,21
DA:39,21
DA:44,21
DA:196,21
DA:197,21
DA:201,4
DA:202,76
DA:206,7
DA:207,7
DA:208,133
DA:213,2
DA:214,2
DA:216,2
DA:217,38
DA:219,38
DA:226,38
DA:227,2
DA:235,2
DA:239,6
DA:240,6
DA:242,6
DA:243,114
DA:249,6
DA:250,88
DA:254,2
DA:255,14
DA:260,2
DA:261,2
DA:262,1
DA:265,1
DA:270,1
DA:271,1
DA:275,5
DA:285,1
DA:287,1
DA:295,1
DA:297,1
DA:298,19
DA:300,19
DA:301,14
DA:303,5
DA:307,1
DA:315,26
DA:316,19
DA:318,26
DA:322,1
LF:47
LH:47
BRDA:217,0,0,0
BRDA:226,1,0,2
BRDA:243,2,0,114
BRDA:243,2,1,102
BRDA:243,2,2,34
BRDA:250,3,0,6
BRDA:250,3,1,2
BRDA:261,4,0,1
BRDA:277,5,0,5
BRDA:277,5,1,3
BRDA:278,6,0,5
BRDA:278,6,1,0
BRDA:300,7,0,14
BRDA:300,7,1,5
BRDA:315,8,0,19
BRF:15
BRH:13
end_of_record
TN:
SF:src/services/ItineraryParser.ts
FN:15,(anonymous_9)
FN:19,(anonymous_10)
FN:20,(anonymous_11)
FN:34,(anonymous_12)
FNF:4
FNH:4
FNDA:7,(anonymous_9)
FNDA:7,(anonymous_10)
FNDA:7,(anonymous_11)
FNDA:13,(anonymous_12)
DA:14,5
DA:16,7
DA:19,14
DA:20,14
DA:22,7
DA:27,7
DA:29,0
DA:30,0
DA:35,13
DA:36,13
DA:37,13
DA:39,13
DA:41,210
DA:43,210
DA:44,155
DA:47,210
DA:49,56
DA:50,43
DA:54,56
DA:55,56
DA:56,56
DA:60,154
DA:61,111
DA:62,111
DA:69,111
DA:70,111
DA:71,20
DA:75,111
DA:76,12
DA:77,12
DA:78,12
DA:79,12
DA:81,99
DA:82,47
DA:83,47
DA:84,47
DA:85,12
DA:87,52
DA:88,20
DA:89,20
DA:90,20
DA:91,19
DA:93,32
DA:94,16
DA:95,16
DA:96,16
DA:97,16
DA:99,16
DA:100,8
DA:101,8
DA:102,8
DA:103,8
DA:105,8
DA:106,8
DA:109,111
DA:114,13
DA:115,13
DA:118,13
LF:58
LH:56
BRDA:43,0,0,155
BRDA:47,1,0,56
BRDA:47,1,1,154
BRDA:49,2,0,43
BRDA:54,3,0,1
BRDA:60,4,0,111
BRDA:60,5,0,154
BRDA:60,5,1,111
BRDA:70,6,0,20
BRDA:75,7,0,12
BRDA:75,7,1,99
BRDA:78,8,0,12
BRDA:81,9,0,47
BRDA:81,9,1,52
BRDA:81,10,0,99
BRDA:81,10,1,87
BRDA:81,10,2,79
BRDA:84,11,0,12
BRDA:87,12,0,20
BRDA:87,12,1,32
BRDA:90,13,0,19
BRDA:93,14,0,16
BRDA:93,14,1,16
BRDA:93,15,0,32
BRDA:93,15,1,16
BRDA:96,16,0,16
BRDA:99,17,0,8
BRDA:99,17,1,8
BRDA:102,18,0,8
BRDA:105,19,0,8
BRDA:114,20,0,13
BRF:31
BRH:31
end_of_record
TN:
SF:src/services/LocationService.ts
FN:9,(anonymous_0)
FN:31,(anonymous_1)
FN:41,(anonymous_2)
FN:57,(anonymous_3)
FNF:4
FNH:4
FNDA:3,(anonymous_0)
FNDA:7,(anonymous_1)
FNDA:5,(anonymous_2)
FNDA:20,(anonymous_3)
DA:8,9
DA:10,3
DA:11,1
DA:17,2
DA:18,1
DA:24,1
DA:35,7
DA:43,5
DA:44,5
DA:45,5
DA:48,5
DA:52,5
DA:54,5
DA:58,20
LF:14
LH:14
BRDA:10,0,0,1
BRDA:10,1,0,3
BRDA:10,1,1,3
BRDA:17,2,0,1
BRDA:17,3,0,2
BRDA:17,3,1,2
BRDA:36,4,0,7
BRDA:36,4,1,6
BRDA:36,4,2,6
BRDA:36,4,3,4
BRF:10
BRH:10
end_of_record
TN:
SF:src/services/OfflineMapService.ts
FN:45,(anonymous_1)
FN:57,(anonymous_2)
FN:78,(anonymous_3)
FN:86,(anonymous_4)
FN:116,(anonymous_5)
FN:174,(anonymous_6)
FN:185,(anonymous_7)
FN:204,(anonymous_8)
FNF:8
FNH:8
FNDA:3,(anonymous_1)
FNDA:13,(anonymous_2)
FNDA:4,(anonymous_3)
FNDA:4,(anonymous_4)
FNDA:2,(anonymous_5)
FNDA:4,(anonymous_6)
FNDA:7,(anonymous_7)
FNDA:2,(anonymous_8)
DA:1,5
DA:39,5
DA:40,38
DA:41,38
DA:42,38
DA:43,38
DA:46,3
DA:47,3
DA:48,2
DA:50,1
DA:58,13
DA:59,13
DA:61,13
DA:62,2
DA:68,11
DA:69,10
DA:71,1
DA:79,4
DA:80,4
DA:81,4
DA:83,4
DA:87,4
DA:88,4
DA:90,3
DA:91,1
DA:97,2
DA:100,2
DA:107,2
DA:109,1
DA:117,2
DA:119,2
DA:122,2
DA:123,0
DA:125,0
DA:126,0
DA:127,0
DA:134,0
DA:138,2
DA:140,2
DA:141,1
DA:143,1
DA:144,1
DA:145,1
DA:153,0
DA:161,1
DA:167,0
DA:175,4
DA:176,4
DA:178,4
DA:179,0
DA:185,4
DA:186,7
DA:192,4
DA:197,0
DA:205,2
DA:206,2
DA:207,1
DA:209,1
LF:58
LH:49
BRDA:61,0,0,2
BRDA:90,1,0,1
BRDA:101,2,0,2
BRDA:101,2,1,0
BRDA:102,3,0,2
BRDA:102,3,1,0
BRDA:122,4,0,0
BRDA:122,5,0,2
BRDA:122,5,1,2
BRDA:125,6,0,0
BRDA:125,7,0,0
BRDA:125,7,1,0
BRDA:140,8,0,1
BRDA:143,9,0,1
BRDA:143,10,0,1
BRDA:143,10,1,1
BRDA:178,11,0,0
BRDA:178,12,0,4
BRDA:178,12,1,4
BRDA:186,13,0,7
BRDA:186,13,1,6
BRDA:186,13,2,6
BRDA:186,13,3,6
BRF:23
BRH:16
end_of_record
TN:
SF:src/services/RouteCalculationService.ts
FN:49,(anonymous_0)
FN:54,(anonymous_1)
FN:106,(anonymous_2)
FN:124,(anonymous_3)
FN:125,(anonymous_4)
FN:128,(anonymous_5)
FN:136,(anonymous_6)
FN:160,(anonymous_7)
FN:163,(anonymous_8)
FNF:9
FNH:9
FNDA:11,(anonymous_0)
FNDA:5,(anonymous_1)
FNDA:3,(anonymous_2)
FNDA:6,(anonymous_3)
FNDA:12,(anonymous_4)
FNDA:6,(anonymous_5)
FNDA:1,(anonymous_6)
FNDA:1,(anonymous_7)
FNDA:3,(anonymous_8)
DA:45,3
DA:50,11
DA:51,11
DA:56,5
DA:57,5
DA:59,5
DA:60,1
DA:67,4
DA:69,4
DA:70,1
DA:77,3
DA:78,3
DA:79,3
DA:80,3
DA:87,3
DA:100,3
DA:107,3
DA:115,3
DA:117,3
DA:125,12
DA:129,6
DA:130,6
DA:131,6
DA:133,6
DA:137,1
DA:140,1
DA:141,1
DA:142,1
DA:151,1
DA:152,1
DA:160,1
DA:165,3
DA:172,3
LF:33
LH:33
BRDA:59,0,0,1
BRDA:59,1,0,5
BRDA:59,1,1,4
BRDA:69,2,0,1
BRDA:130,3,0,4
BRDA:130,3,1,2
BRDA:141,4,0,1
BRDA:141,5,0,1
BRDA:141,5,1,1
BRF:9
BRH:9
end_of_record
TN:
SF:src/services/StationFinderService.ts
FN:56,(anonymous_0)
FN:60,(anonymous_1)
FN:85,(anonymous_2)
FN:101,(anonymous_3)
FN:104,(anonymous_4)
FN:105,(anonymous_5)
FN:106,(anonymous_6)
FN:110,(anonymous_7)
FN:124,(anonymous_8)
FN:127,(anonymous_9)
FN:129,(anonymous_10)
FN:133,(anonymous_11)
FN:137,(anonymous_12)
FN:141,(anonymous_13)
FN:167,(anonymous_14)
FNF:15
FNH:15
FNDA:38,(anonymous_0)
FNDA:2,(anonymous_1)
FNDA:6,(anonymous_2)
FNDA:6,(anonymous_3)
FNDA:3,(anonymous_4)
FNDA:12,(anonymous_5)
FNDA:28,(anonymous_6)
FNDA:2,(anonymous_7)
FNDA:6,(anonymous_8)
FNDA:26,(anonymous_9)
FNDA:60,(anonymous_10)
FNDA:3,(anonymous_11)
FNDA:1,(anonymous_12)
FNDA:2,(anonymous_13)
FNDA:2,(anonymous_14)
DA:19,6
DA:21,38
DA:57,38
DA:61,2
DA:62,1
DA:65,1
DA:66,1
DA:68,1
DA:69,4
DA:76,4
DA:77,1
DA:78,1
DA:82,1
DA:86,6
DA:88,6
DA:89,24
DA:96,24
DA:97,8
DA:101,6
DA:105,3
DA:106,28
DA:111,2
DA:113,2
DA:114,8
DA:115,8
DA:116,6
DA:118,8
DA:121,2
DA:125,6
DA:127,6
DA:128,26
DA:129,60
DA:134,3
DA:138,1
DA:143,2
DA:167,2
DA:168,2
DA:169,2
DA:176,2
LF:39
LH:39
BRDA:61,0,0,1
BRDA:76,1,0,1
BRDA:96,2,0,8
BRDA:114,3,0,8
BRDA:114,3,1,0
BRDA:115,4,0,6
BRDA:128,5,0,26
BRDA:128,5,1,22
BRDA:168,6,0,2
BRF:9
BRH:8
end_of_record
TN:
SF:src/services/StorageMonitorService.ts
FN:36,(anonymous_0)
FN:40,(anonymous_1)
FN:70,(anonymous_2)
FN:81,(anonymous_3)
FN:102,(anonymous_4)
FN:106,(anonymous_5)
FN:132,(anonymous_6)
FN:140,(anonymous_7)
FNF:8
FNH:8
FNDA:7,(anonymous_0)
FNDA:5,(anonymous_1)
FNDA:5,(anonymous_2)
FNDA:1,(anonymous_3)
FNDA:1,(anonymous_4)
FNDA:2,(anonymous_5)
FNDA:2,(anonymous_6)
FNDA:10,(anonymous_7)
DA:32,2
DA:34,7
DA:37,7
DA:41,5
DA:42,5
DA:43,5
DA:44,5
DA:46,5
DA:47,8
DA:48,8
DA:49,8
DA:50,8
DA:54,8
DA:55,8
DA:56,6
DA:57,2
DA:63,8
DA:67,5
DA:70,5
DA:73,0
DA:82,1
DA:83,1
DA:84,1
DA:85,1
DA:87,1
DA:88,1
DA:89,0
DA:90,1
DA:91,0
DA:94,1
DA:103,1
DA:107,2
DA:108,2
DA:109,2
DA:111,2
DA:112,2
DA:114,2
DA:115,2
DA:116,1
DA:117,1
DA:118,1
DA:119,1
DA:121,0
DA:126,2
DA:133,2
DA:134,2
DA:135,2
DA:137,2
DA:142,10
DA:143,10
DA:144,1028791
DA:145,1028791
DA:146,1028791
DA:147,0
DA:148,0
DA:149,0
DA:150,0
DA:151,0
DA:153,0
DA:156,10
LF:60
LH:50
BRDA:48,0,0,8
BRDA:56,1,0,2
BRDA:88,2,0,0
BRDA:88,2,1,1
BRDA:90,3,0,0
BRDA:115,4,0,1
BRDA:115,5,0,2
BRDA:115,5,1,2
BRDA:145,6,0,1028791
BRDA:145,6,1,0
BRDA:147,7,0,0
BRDA:147,7,1,0
BRDA:149,8,0,0
BRDA:149,8,1,0
BRDA:149,9,0,0
BRDA:149,9,1,0
BRDA:149,9,2,0
BRF:17
BRH:7
end_of_record
TN:
SF:src/services/ThemeService.ts
FN:51,(anonymous_1)
FN:60,(anonymous_2)
FN:72,(anonymous_3)
FN:85,(anonymous_4)
FN:89,(anonymous_5)
FN:96,(anonymous_6)
FNF:6
FNH:6
FNDA:5,(anonymous_1)
FNDA:4,(anonymous_2)
FNDA:2,(anonymous_3)
FNDA:2,(anonymous_4)
FNDA:4,(anonymous_5)
FNDA:2,(anonymous_6)
DA:1,3
DA:23,3
DA:24,13
DA:25,13
DA:27,13
DA:39,13
DA:52,5
DA:53,5
DA:54,4
DA:56,1
DA:61,4
DA:62,4
DA:63,3
DA:65,1
DA:73,2
DA:74,2
DA:75,2
DA:76,2
DA:78,0
DA:86,2
DA:90,4
DA:91,3
DA:93,1
DA:97,2
LF:24
LH:23
BRDA:54,0,0,4
BRDA:54,0,1,1
BRDA:75,1,0,1
BRDA:75,1,1,1
BRDA:86,2,0,1
BRDA:86,2,1,1
BRDA:90,3,0,3
BRDA:90,4,0,4
BRDA:90,4,1,4
BRDA:97,5,0,1
BRDA:97,5,1,1
BRF:11
BRH:11
end_of_record
TN:
SF:src/services/TokyoODPTService.ts
FN:61,(anonymous_0)
FN:110,(anonymous_1)
FN:140,(anonymous_2)
FN:177,(anonymous_3)
FN:206,(anonymous_4)
FN:265,(anonymous_5)
FN:274,(anonymous_6)
FN:282,(anonymous_7)
FN:305,(anonymous_8)
FN:306,(anonymous_9)
FN:309,(anonymous_10)
FN:317,(anonymous_11)
FN:321,(anonymous_12)
FN:322,(anonymous_13)
FN:332,(anonymous_14)
FN:333,(anonymous_15)
FN:335,(anonymous_16)
FN:346,(anonymous_17)
FN:356,(anonymous_18)
FN:357,(anonymous_19)
FN:366,(anonymous_20)
FN:373,(anonymous_21)
FNF:22
FNH:21
FNDA:8,(anonymous_0)
FNDA:2,(anonymous_1)
FNDA:2,(anonymous_2)
FNDA:1,(anonymous_3)
FNDA:0,(anonymous_4)
FNDA:7,(anonymous_5)
FNDA:4,(anonymous_6)
FNDA:17,(anonymous_7)
FNDA:5,(anonymous_8)
FNDA:5,(anonymous_9)
FNDA:8,(anonymous_10)
FNDA:4,(anonymous_11)
FNDA:4,(anonymous_12)
FNDA:2,(anonymous_13)
FNDA:1,(anonymous_14)
FNDA:1,(anonymous_15)
FNDA:1,(anonymous_16)
FNDA:1,(anonymous_17)
FNDA:1,(anonymous_18)
FNDA:2,(anonymous_19)
FNDA:3,(anonymous_20)
FNDA:1,(anonymous_21)
DA:53,4
DA:54,18
DA:55,18
DA:56,18
DA:57,18
DA:58,18
DA:59,18
DA:62,8
DA:65,8
DA:66,8
DA:67,1
DA:70,7
DA:71,7
DA:77,7
DA:78,7
DA:81,7
DA:82,1
DA:88,6
DA:89,2
DA:95,4
DA:96,4
DA:99,4
DA:101,4
DA:103,0
DA:111,2
DA:112,2
DA:118,2
DA:119,2
DA:121,2
DA:122,1
DA:128,1
DA:129,1
DA:131,1
DA:133,0
DA:141,2
DA:142,2
DA:147,2
DA:148,2
DA:151,2
DA:152,1
DA:158,1
DA:159,0
DA:165,1
DA:166,1
DA:168,1
DA:170,0
DA:178,1
DA:179,1
DA:184,1
DA:185,1
DA:187,1
DA:188,0
DA:194,1
DA:195,1
DA:197,1
DA:199,0
DA:207,0
DA:209,0
DA:211,0
DA:212,0
DA:220,0
DA:223,0
DA:225,0
DA:226,0
DA:234,0
DA:238,0
DA:243,0
DA:249,0
DA:256,0
DA:267,7
DA:268,4
DA:269,4
DA:271,3
DA:276,4
DA:277,3
DA:279,1
DA:283,17
DA:284,17
DA:287,15
DA:288,3
DA:289,3
DA:292,12
DA:295,2
DA:296,2
DA:297,2
DA:301,0
DA:306,5
DA:310,8
DA:311,8
DA:312,1
DA:314,7
DA:318,4
DA:322,4
DA:333,1
DA:335,1
DA:339,1
DA:347,1
DA:357,2
DA:367,3
DA:369,2
DA:370,2
DA:374,1
DA:376,1
DA:377,1
LF:104
LH:84
BRDA:55,0,0,18
BRDA:55,0,1,18
BRDA:66,1,0,1
BRDA:81,2,0,1
BRDA:88,3,0,2
BRDA:121,4,0,1
BRDA:121,5,0,2
BRDA:121,5,1,2
BRDA:124,6,0,1
BRDA:124,6,1,0
BRDA:124,7,0,1
BRDA:124,7,1,0
BRDA:151,8,0,1
BRDA:158,9,0,0
BRDA:187,10,0,0
BRDA:187,11,0,1
BRDA:187,11,1,1
BRDA:190,12,0,0
BRDA:190,12,1,0
BRDA:190,13,0,0
BRDA:190,13,1,0
BRDA:211,14,0,0
BRDA:211,15,0,0
BRDA:211,15,1,0
BRDA:211,15,2,0
BRDA:225,16,0,0
BRDA:225,17,0,0
BRDA:225,17,1,0
BRDA:238,18,0,0
BRDA:238,18,1,0
BRDA:239,19,0,0
BRDA:239,19,1,0
BRDA:239,20,0,0
BRDA:239,20,1,0
BRDA:240,21,0,0
BRDA:240,21,1,0
BRDA:240,22,0,0
BRDA:240,22,1,0
BRDA:243,23,0,0
BRDA:243,23,1,0
BRDA:246,24,0,0
BRDA:246,24,1,0
BRDA:267,25,0,4
BRDA:276,26,0,3
BRDA:282,27,0,12
BRDA:287,28,0,3
BRDA:287,29,0,15
BRDA:287,29,1,13
BRDA:287,29,2,4
BRDA:295,30,0,2
BRDA:311,31,0,1
BRDA:311,32,0,8
BRDA:311,32,1,1
BRDA:323,33,0,2
BRDA:323,33,1,0
BRDA:325,34,0,2
BRDA:325,34,1,1
BRDA:326,35,0,2
BRDA:326,35,1,1
BRDA:327,36,0,2
BRDA:327,36,1,1
BRDA:328,37,0,2
BRDA:328,37,1,1
BRDA:333,38,0,1
BRDA:333,38,1,0
BRDA:335,39,0,1
BRDA:335,39,1,0
BRDA:349,40,0,1
BRDA:349,40,1,0
BRDA:351,41,0,1
BRDA:351,41,1,0
BRDA:352,42,0,1
BRDA:352,42,1,0
BRDA:358,43,0,2
BRDA:358,43,1,0
BRDA:359,44,0,2
BRDA:359,44,1,0
BRDA:360,45,0,2
BRDA:360,45,1,0
BRDA:361,46,0,2
BRDA:361,46,1,0
BRDA:362,47,0,2
BRDA:362,47,1,0
BRDA:367,48,0,1
BRDA:370,49,0,2
BRDA:370,49,1,0
BRDA:374,50,0,0
BRDA:377,51,0,1
BRDA:377,51,1,0
BRF:89
BRH:46
end_of_record
